mode: atomic
github.com/edgenesis/shifu/pkg/deviceshifu/utils/testUtils.go:11.71,17.18 2 0
github.com/edgenesis/shifu/pkg/deviceshifu/utils/testUtils.go:31.2,31.17 1 0
github.com/edgenesis/shifu/pkg/deviceshifu/utils/testUtils.go:17.18,19.17 2 0
github.com/edgenesis/shifu/pkg/deviceshifu/utils/testUtils.go:26.3,26.43 1 0
github.com/edgenesis/shifu/pkg/deviceshifu/utils/testUtils.go:19.17,23.12 4 0
github.com/edgenesis/shifu/pkg/deviceshifu/utils/testUtils.go:26.43,28.4 1 0
github.com/edgenesis/shifu/pkg/deviceshifu/utils/utils.go:7.67,9.16 2 1
github.com/edgenesis/shifu/pkg/deviceshifu/utils/utils.go:13.2,14.16 2 1
github.com/edgenesis/shifu/pkg/deviceshifu/utils/utils.go:18.2,20.33 2 1
github.com/edgenesis/shifu/pkg/deviceshifu/utils/utils.go:28.2,28.20 1 1
github.com/edgenesis/shifu/pkg/deviceshifu/utils/utils.go:9.16,11.3 1 0
github.com/edgenesis/shifu/pkg/deviceshifu/utils/utils.go:14.16,16.3 1 0
github.com/edgenesis/shifu/pkg/deviceshifu/utils/utils.go:20.33,21.22 1 4
github.com/edgenesis/shifu/pkg/deviceshifu/utils/utils.go:21.22,23.4 1 0
github.com/edgenesis/shifu/pkg/deviceshifu/utils/utils.go:23.9,25.4 1 4
github.com/edgenesis/shifu/pkg/deviceshifu/mockdevice/mockdevice/mockdevice.go:36.59,39.12 2 1
github.com/edgenesis/shifu/pkg/deviceshifu/mockdevice/mockdevice/mockdevice.go:45.2,45.12 1 1
github.com/edgenesis/shifu/pkg/deviceshifu/mockdevice/mockdevice/mockdevice.go:39.12,41.17 2 1
github.com/edgenesis/shifu/pkg/deviceshifu/mockdevice/mockdevice/mockdevice.go:41.17,43.4 1 0
github.com/edgenesis/shifu/pkg/deviceshifu/mockdevice/mockdevice/mockdevice.go:48.69,51.2 2 1
github.com/edgenesis/shifu/pkg/deviceshifu/mockdevice/mockdevice/mockdevice.go:53.66,55.2 1 0
github.com/edgenesis/shifu/pkg/deviceshifu/mockdevice/mockdevice/mockdevice.go:58.137,61.42 3 1
github.com/edgenesis/shifu/pkg/deviceshifu/mockdevice/mockdevice/mockdevice.go:65.2,74.16 2 1
github.com/edgenesis/shifu/pkg/deviceshifu/mockdevice/mockdevice/mockdevice.go:61.42,63.3 1 2
github.com/edgenesis/shifu/pkg/deviceshifu/mockdevice/mockdevice/mockdevice.go:78.90,82.16 4 1
github.com/edgenesis/shifu/pkg/deviceshifu/mockdevice/mockdevice/mockdevice.go:86.2,87.16 2 1
github.com/edgenesis/shifu/pkg/deviceshifu/mockdevice/mockdevice/mockdevice.go:91.2,91.9 1 1
github.com/edgenesis/shifu/pkg/deviceshifu/mockdevice/mockdevice/mockdevice.go:82.16,84.3 1 0
github.com/edgenesis/shifu/pkg/deviceshifu/mockdevice/mockdevice/mockdevice.go:87.16,89.3 1 0
github.com/edgenesis/shifu/pkg/deviceshifu/deviceshifusocket/deviceshifusocket.go:32.90,34.16 2 2
github.com/edgenesis/shifu/pkg/deviceshifu/deviceshifusocket/deviceshifusocket.go:37.2,39.88 2 2
github.com/edgenesis/shifu/pkg/deviceshifu/deviceshifusocket/deviceshifusocket.go:66.2,70.16 4 2
github.com/edgenesis/shifu/pkg/deviceshifu/deviceshifusocket/deviceshifusocket.go:34.16,36.3 1 0
github.com/edgenesis/shifu/pkg/deviceshifu/deviceshifusocket/deviceshifusocket.go:39.88,40.63 1 0
github.com/edgenesis/shifu/pkg/deviceshifu/deviceshifusocket/deviceshifusocket.go:41.32,44.57 2 0
github.com/edgenesis/shifu/pkg/deviceshifu/deviceshifusocket/deviceshifusocket.go:48.4,49.18 2 0
github.com/edgenesis/shifu/pkg/deviceshifu/deviceshifusocket/deviceshifusocket.go:53.4,54.90 2 0
github.com/edgenesis/shifu/pkg/deviceshifu/deviceshifusocket/deviceshifusocket.go:44.57,46.5 1 0
github.com/edgenesis/shifu/pkg/deviceshifu/deviceshifusocket/deviceshifusocket.go:49.18,51.5 1 0
github.com/edgenesis/shifu/pkg/deviceshifu/deviceshifusocket/deviceshifusocket.go:54.90,63.5 2 0
github.com/edgenesis/shifu/pkg/deviceshifu/deviceshifusocket/deviceshifusocket.go:73.84,74.54 1 0
github.com/edgenesis/shifu/pkg/deviceshifu/deviceshifusocket/deviceshifusocket.go:74.54,77.46 3 0
github.com/edgenesis/shifu/pkg/deviceshifu/deviceshifusocket/deviceshifusocket.go:83.3,85.17 3 0
github.com/edgenesis/shifu/pkg/deviceshifu/deviceshifusocket/deviceshifusocket.go:91.3,94.18 4 0
github.com/edgenesis/shifu/pkg/deviceshifu/deviceshifusocket/deviceshifusocket.go:103.3,104.17 2 0
github.com/edgenesis/shifu/pkg/deviceshifu/deviceshifusocket/deviceshifusocket.go:110.3,112.17 3 0
github.com/edgenesis/shifu/pkg/deviceshifu/deviceshifusocket/deviceshifusocket.go:118.3,120.13 3 0
github.com/edgenesis/shifu/pkg/deviceshifu/deviceshifusocket/deviceshifusocket.go:126.3,127.17 2 0
github.com/edgenesis/shifu/pkg/deviceshifu/deviceshifusocket/deviceshifusocket.go:133.3,141.17 5 0
github.com/edgenesis/shifu/pkg/deviceshifu/deviceshifusocket/deviceshifusocket.go:77.46,81.4 3 0
github.com/edgenesis/shifu/pkg/deviceshifu/deviceshifusocket/deviceshifusocket.go:85.17,89.4 3 0
github.com/edgenesis/shifu/pkg/deviceshifu/deviceshifusocket/deviceshifusocket.go:94.18,96.18 2 0
github.com/edgenesis/shifu/pkg/deviceshifu/deviceshifusocket/deviceshifusocket.go:96.18,100.5 3 0
github.com/edgenesis/shifu/pkg/deviceshifu/deviceshifusocket/deviceshifusocket.go:104.17,108.4 3 0
github.com/edgenesis/shifu/pkg/deviceshifu/deviceshifusocket/deviceshifusocket.go:112.17,116.4 3 0
github.com/edgenesis/shifu/pkg/deviceshifu/deviceshifusocket/deviceshifusocket.go:120.13,124.4 3 0
github.com/edgenesis/shifu/pkg/deviceshifu/deviceshifusocket/deviceshifusocket.go:127.17,131.4 3 0
github.com/edgenesis/shifu/pkg/deviceshifu/deviceshifusocket/deviceshifusocket.go:141.17,144.4 2 0
github.com/edgenesis/shifu/pkg/deviceshifu/deviceshifusocket/deviceshifusocket.go:151.63,152.44 1 0
github.com/edgenesis/shifu/pkg/deviceshifu/deviceshifusocket/deviceshifusocket.go:156.2,156.45 1 0
github.com/edgenesis/shifu/pkg/deviceshifu/deviceshifusocket/deviceshifusocket.go:172.2,172.18 1 0
github.com/edgenesis/shifu/pkg/deviceshifu/deviceshifusocket/deviceshifusocket.go:152.44,154.3 1 0
github.com/edgenesis/shifu/pkg/deviceshifu/deviceshifusocket/deviceshifusocket.go:156.45,157.66 1 0
github.com/edgenesis/shifu/pkg/deviceshifu/deviceshifusocket/deviceshifusocket.go:158.32,160.18 2 0
github.com/edgenesis/shifu/pkg/deviceshifu/deviceshifusocket/deviceshifusocket.go:165.4,166.20 2 0
github.com/edgenesis/shifu/pkg/deviceshifu/deviceshifusocket/deviceshifusocket.go:167.11,169.21 2 0
github.com/edgenesis/shifu/pkg/deviceshifu/deviceshifusocket/deviceshifusocket.go:160.18,163.5 2 0
github.com/edgenesis/shifu/pkg/deviceshifu/deviceshifusocket/deviceshifusocket.go:176.60,178.2 1 2
github.com/edgenesis/shifu/pkg/deviceshifu/deviceshifusocket/deviceshifusocket.go:181.37,183.2 1 2
github.com/edgenesis/shifu/pkg/deviceshifu/deviceshifusocket/deviceshifusocket.go:185.76,189.16 3 2
github.com/edgenesis/shifu/pkg/deviceshifu/deviceshifusocket/deviceshifusocket.go:197.2,197.20 1 2
github.com/edgenesis/shifu/pkg/deviceshifu/deviceshifusocket/deviceshifusocket.go:190.20,191.40 1 1
github.com/edgenesis/shifu/pkg/deviceshifu/deviceshifusocket/deviceshifusocket.go:192.21,193.14 1 1
github.com/edgenesis/shifu/pkg/deviceshifu/deviceshifusocket/deviceshifusocket.go:194.10,195.25 1 1
github.com/edgenesis/shifu/pkg/deviceshifu/deviceshifusocket/deviceshifusocket.go:200.76,204.16 3 2
github.com/edgenesis/shifu/pkg/deviceshifu/deviceshifusocket/deviceshifusocket.go:212.2,212.20 1 2
github.com/edgenesis/shifu/pkg/deviceshifu/deviceshifusocket/deviceshifusocket.go:205.20,206.37 1 1
github.com/edgenesis/shifu/pkg/deviceshifu/deviceshifusocket/deviceshifusocket.go:207.21,208.14 1 1
github.com/edgenesis/shifu/pkg/deviceshifu/deviceshifusocket/deviceshifusocket.go:209.10,210.25 1 1
github.com/edgenesis/shifu/pkg/deviceshifu/deviceshifuhttp/deviceshifuhttp.go:46.94,47.41 1 3
github.com/edgenesis/shifu/pkg/deviceshifu/deviceshifuhttp/deviceshifuhttp.go:51.2,52.16 2 2
github.com/edgenesis/shifu/pkg/deviceshifu/deviceshifuhttp/deviceshifuhttp.go:56.2,56.88 1 2
github.com/edgenesis/shifu/pkg/deviceshifu/deviceshifuhttp/deviceshifuhttp.go:105.2,109.58 3 2
github.com/edgenesis/shifu/pkg/deviceshifu/deviceshifuhttp/deviceshifuhttp.go:114.2,115.16 2 2
github.com/edgenesis/shifu/pkg/deviceshifu/deviceshifuhttp/deviceshifuhttp.go:47.41,49.3 1 1
github.com/edgenesis/shifu/pkg/deviceshifu/deviceshifuhttp/deviceshifuhttp.go:52.16,54.3 1 0
github.com/edgenesis/shifu/pkg/deviceshifu/deviceshifuhttp/deviceshifuhttp.go:56.88,59.33 2 0
github.com/edgenesis/shifu/pkg/deviceshifu/deviceshifuhttp/deviceshifuhttp.go:63.3,63.55 1 0
github.com/edgenesis/shifu/pkg/deviceshifu/deviceshifuhttp/deviceshifuhttp.go:72.3,72.63 1 0
github.com/edgenesis/shifu/pkg/deviceshifu/deviceshifuhttp/deviceshifuhttp.go:59.33,61.4 1 0
github.com/edgenesis/shifu/pkg/deviceshifu/deviceshifuhttp/deviceshifuhttp.go:63.55,66.4 2 0
github.com/edgenesis/shifu/pkg/deviceshifu/deviceshifuhttp/deviceshifuhttp.go:66.9,66.60 1 0
github.com/edgenesis/shifu/pkg/deviceshifu/deviceshifuhttp/deviceshifuhttp.go:66.60,69.4 2 0
github.com/edgenesis/shifu/pkg/deviceshifu/deviceshifuhttp/deviceshifuhttp.go:73.30,74.90 1 0
github.com/edgenesis/shifu/pkg/deviceshifu/deviceshifuhttp/deviceshifuhttp.go:83.41,85.29 2 0
github.com/edgenesis/shifu/pkg/deviceshifu/deviceshifuhttp/deviceshifuhttp.go:89.4,89.90 1 0
github.com/edgenesis/shifu/pkg/deviceshifu/deviceshifuhttp/deviceshifuhttp.go:100.11,102.83 2 0
github.com/edgenesis/shifu/pkg/deviceshifu/deviceshifuhttp/deviceshifuhttp.go:74.90,82.5 3 0
github.com/edgenesis/shifu/pkg/deviceshifu/deviceshifuhttp/deviceshifuhttp.go:85.29,87.5 1 0
github.com/edgenesis/shifu/pkg/deviceshifu/deviceshifuhttp/deviceshifuhttp.go:89.90,99.5 3 0
github.com/edgenesis/shifu/pkg/deviceshifu/deviceshifuhttp/deviceshifuhttp.go:109.58,112.3 2 0
github.com/edgenesis/shifu/pkg/deviceshifu/deviceshifuhttp/deviceshifuhttp.go:130.94,134.52 2 2
github.com/edgenesis/shifu/pkg/deviceshifu/deviceshifuhttp/deviceshifuhttp.go:140.2,142.21 2 2
github.com/edgenesis/shifu/pkg/deviceshifu/deviceshifuhttp/deviceshifuhttp.go:146.2,146.66 1 1
github.com/edgenesis/shifu/pkg/deviceshifu/deviceshifuhttp/deviceshifuhttp.go:134.52,135.42 1 2
github.com/edgenesis/shifu/pkg/deviceshifu/deviceshifuhttp/deviceshifuhttp.go:135.42,137.4 1 3
github.com/edgenesis/shifu/pkg/deviceshifu/deviceshifuhttp/deviceshifuhttp.go:142.21,144.3 1 1
github.com/edgenesis/shifu/pkg/deviceshifu/deviceshifuhttp/deviceshifuhttp.go:150.78,151.54 1 0
github.com/edgenesis/shifu/pkg/deviceshifu/deviceshifuhttp/deviceshifuhttp.go:151.54,157.31 5 0
github.com/edgenesis/shifu/pkg/deviceshifu/deviceshifuhttp/deviceshifuhttp.go:164.3,177.23 4 0
github.com/edgenesis/shifu/pkg/deviceshifu/deviceshifuhttp/deviceshifuhttp.go:186.3,186.18 1 0
github.com/edgenesis/shifu/pkg/deviceshifu/deviceshifuhttp/deviceshifuhttp.go:227.3,227.18 1 0
github.com/edgenesis/shifu/pkg/deviceshifu/deviceshifuhttp/deviceshifuhttp.go:238.3,240.17 3 0
github.com/edgenesis/shifu/pkg/deviceshifu/deviceshifuhttp/deviceshifuhttp.go:157.31,159.91 1 0
github.com/edgenesis/shifu/pkg/deviceshifu/deviceshifuhttp/deviceshifuhttp.go:159.91,161.5 1 0
github.com/edgenesis/shifu/pkg/deviceshifu/deviceshifuhttp/deviceshifuhttp.go:177.23,179.23 2 0
github.com/edgenesis/shifu/pkg/deviceshifu/deviceshifuhttp/deviceshifuhttp.go:179.23,183.5 3 0
github.com/edgenesis/shifu/pkg/deviceshifu/deviceshifuhttp/deviceshifuhttp.go:187.24,189.23 2 0
github.com/edgenesis/shifu/pkg/deviceshifu/deviceshifuhttp/deviceshifuhttp.go:195.4,195.15 1 0
github.com/edgenesis/shifu/pkg/deviceshifu/deviceshifuhttp/deviceshifuhttp.go:196.23,199.20 1 0
github.com/edgenesis/shifu/pkg/deviceshifu/deviceshifuhttp/deviceshifuhttp.go:205.4,208.21 4 0
github.com/edgenesis/shifu/pkg/deviceshifu/deviceshifuhttp/deviceshifuhttp.go:214.4,216.22 3 0
github.com/edgenesis/shifu/pkg/deviceshifu/deviceshifuhttp/deviceshifuhttp.go:221.11,224.10 3 0
github.com/edgenesis/shifu/pkg/deviceshifu/deviceshifuhttp/deviceshifuhttp.go:189.23,193.5 3 0
github.com/edgenesis/shifu/pkg/deviceshifu/deviceshifuhttp/deviceshifuhttp.go:199.20,201.5 1 0
github.com/edgenesis/shifu/pkg/deviceshifu/deviceshifuhttp/deviceshifuhttp.go:201.10,203.5 1 0
github.com/edgenesis/shifu/pkg/deviceshifu/deviceshifuhttp/deviceshifuhttp.go:208.21,212.5 3 0
github.com/edgenesis/shifu/pkg/deviceshifu/deviceshifuhttp/deviceshifuhttp.go:216.22,220.5 3 0
github.com/edgenesis/shifu/pkg/deviceshifu/deviceshifuhttp/deviceshifuhttp.go:227.18,231.18 4 0
github.com/edgenesis/shifu/pkg/deviceshifu/deviceshifuhttp/deviceshifuhttp.go:234.4,234.10 1 0
github.com/edgenesis/shifu/pkg/deviceshifu/deviceshifuhttp/deviceshifuhttp.go:231.18,233.5 1 0
github.com/edgenesis/shifu/pkg/deviceshifu/deviceshifuhttp/deviceshifuhttp.go:240.17,242.4 1 0
github.com/edgenesis/shifu/pkg/deviceshifu/deviceshifuhttp/deviceshifuhttp.go:254.109,258.53 4 2
github.com/edgenesis/shifu/pkg/deviceshifu/deviceshifuhttp/deviceshifuhttp.go:279.2,279.62 1 2
github.com/edgenesis/shifu/pkg/deviceshifu/deviceshifuhttp/deviceshifuhttp.go:285.2,285.68 1 1
github.com/edgenesis/shifu/pkg/deviceshifu/deviceshifuhttp/deviceshifuhttp.go:258.53,259.44 1 5
github.com/edgenesis/shifu/pkg/deviceshifu/deviceshifuhttp/deviceshifuhttp.go:259.44,260.33 1 2
github.com/edgenesis/shifu/pkg/deviceshifu/deviceshifuhttp/deviceshifuhttp.go:260.33,262.5 1 2
github.com/edgenesis/shifu/pkg/deviceshifu/deviceshifuhttp/deviceshifuhttp.go:262.10,263.52 1 0
github.com/edgenesis/shifu/pkg/deviceshifu/deviceshifuhttp/deviceshifuhttp.go:263.52,265.6 1 0
github.com/edgenesis/shifu/pkg/deviceshifu/deviceshifuhttp/deviceshifuhttp.go:267.9,268.32 1 3
github.com/edgenesis/shifu/pkg/deviceshifu/deviceshifuhttp/deviceshifuhttp.go:272.4,273.51 2 3
github.com/edgenesis/shifu/pkg/deviceshifu/deviceshifuhttp/deviceshifuhttp.go:268.32,269.13 1 0
github.com/edgenesis/shifu/pkg/deviceshifu/deviceshifuhttp/deviceshifuhttp.go:273.51,275.5 1 3
github.com/edgenesis/shifu/pkg/deviceshifu/deviceshifuhttp/deviceshifuhttp.go:279.62,281.3 1 1
github.com/edgenesis/shifu/pkg/deviceshifu/deviceshifuhttp/deviceshifuhttp.go:281.8,281.70 1 1
github.com/edgenesis/shifu/pkg/deviceshifu/deviceshifuhttp/deviceshifuhttp.go:281.70,283.3 1 0
github.com/edgenesis/shifu/pkg/deviceshifu/deviceshifuhttp/deviceshifuhttp.go:294.89,295.54 1 0
github.com/edgenesis/shifu/pkg/deviceshifu/deviceshifuhttp/deviceshifuhttp.go:295.54,302.31 6 0
github.com/edgenesis/shifu/pkg/deviceshifu/deviceshifuhttp/deviceshifuhttp.go:309.3,321.23 4 0
github.com/edgenesis/shifu/pkg/deviceshifu/deviceshifuhttp/deviceshifuhttp.go:330.3,331.26 2 0
github.com/edgenesis/shifu/pkg/deviceshifu/deviceshifuhttp/deviceshifuhttp.go:340.3,346.19 4 0
github.com/edgenesis/shifu/pkg/deviceshifu/deviceshifuhttp/deviceshifuhttp.go:355.3,357.20 3 0
github.com/edgenesis/shifu/pkg/deviceshifu/deviceshifuhttp/deviceshifuhttp.go:363.3,365.21 3 0
github.com/edgenesis/shifu/pkg/deviceshifu/deviceshifuhttp/deviceshifuhttp.go:371.3,371.18 1 0
github.com/edgenesis/shifu/pkg/deviceshifu/deviceshifuhttp/deviceshifuhttp.go:382.3,384.17 3 0
github.com/edgenesis/shifu/pkg/deviceshifu/deviceshifuhttp/deviceshifuhttp.go:302.31,304.91 1 0
github.com/edgenesis/shifu/pkg/deviceshifu/deviceshifuhttp/deviceshifuhttp.go:304.91,306.5 1 0
github.com/edgenesis/shifu/pkg/deviceshifu/deviceshifuhttp/deviceshifuhttp.go:321.23,323.23 2 0
github.com/edgenesis/shifu/pkg/deviceshifu/deviceshifuhttp/deviceshifuhttp.go:323.23,327.5 3 0
github.com/edgenesis/shifu/pkg/deviceshifu/deviceshifuhttp/deviceshifuhttp.go:331.26,333.23 2 0
github.com/edgenesis/shifu/pkg/deviceshifu/deviceshifuhttp/deviceshifuhttp.go:333.23,337.5 3 0
github.com/edgenesis/shifu/pkg/deviceshifu/deviceshifuhttp/deviceshifuhttp.go:346.19,348.4 1 0
github.com/edgenesis/shifu/pkg/deviceshifu/deviceshifuhttp/deviceshifuhttp.go:348.9,353.4 1 0
github.com/edgenesis/shifu/pkg/deviceshifu/deviceshifuhttp/deviceshifuhttp.go:357.20,361.4 3 0
github.com/edgenesis/shifu/pkg/deviceshifu/deviceshifuhttp/deviceshifuhttp.go:365.21,369.4 3 0
github.com/edgenesis/shifu/pkg/deviceshifu/deviceshifuhttp/deviceshifuhttp.go:371.18,375.18 4 0
github.com/edgenesis/shifu/pkg/deviceshifu/deviceshifuhttp/deviceshifuhttp.go:378.4,378.10 1 0
github.com/edgenesis/shifu/pkg/deviceshifu/deviceshifuhttp/deviceshifuhttp.go:375.18,377.5 1 0
github.com/edgenesis/shifu/pkg/deviceshifu/deviceshifuhttp/deviceshifuhttp.go:384.17,386.4 1 0
github.com/edgenesis/shifu/pkg/deviceshifu/deviceshifuhttp/deviceshifuhttp.go:392.66,394.45 2 0
github.com/edgenesis/shifu/pkg/deviceshifu/deviceshifuhttp/deviceshifuhttp.go:454.2,454.39 1 0
github.com/edgenesis/shifu/pkg/deviceshifu/deviceshifuhttp/deviceshifuhttp.go:394.45,395.66 1 0
github.com/edgenesis/shifu/pkg/deviceshifu/deviceshifuhttp/deviceshifuhttp.go:396.64,398.60 2 0
github.com/edgenesis/shifu/pkg/deviceshifu/deviceshifuhttp/deviceshifuhttp.go:448.11,450.21 2 0
github.com/edgenesis/shifu/pkg/deviceshifu/deviceshifuhttp/deviceshifuhttp.go:398.60,399.47 1 0
github.com/edgenesis/shifu/pkg/deviceshifu/deviceshifuhttp/deviceshifuhttp.go:403.5,403.88 1 0
github.com/edgenesis/shifu/pkg/deviceshifu/deviceshifuhttp/deviceshifuhttp.go:407.5,413.21 2 0
github.com/edgenesis/shifu/pkg/deviceshifu/deviceshifuhttp/deviceshifuhttp.go:419.5,423.22 5 0
github.com/edgenesis/shifu/pkg/deviceshifu/deviceshifuhttp/deviceshifuhttp.go:428.5,429.19 2 0
github.com/edgenesis/shifu/pkg/deviceshifu/deviceshifuhttp/deviceshifuhttp.go:434.5,434.20 1 0
github.com/edgenesis/shifu/pkg/deviceshifu/deviceshifuhttp/deviceshifuhttp.go:446.5,446.22 1 0
github.com/edgenesis/shifu/pkg/deviceshifu/deviceshifuhttp/deviceshifuhttp.go:399.47,401.6 1 0
github.com/edgenesis/shifu/pkg/deviceshifu/deviceshifuhttp/deviceshifuhttp.go:403.88,405.6 1 0
github.com/edgenesis/shifu/pkg/deviceshifu/deviceshifuhttp/deviceshifuhttp.go:413.21,415.6 1 0
github.com/edgenesis/shifu/pkg/deviceshifu/deviceshifuhttp/deviceshifuhttp.go:415.11,417.6 1 0
github.com/edgenesis/shifu/pkg/deviceshifu/deviceshifuhttp/deviceshifuhttp.go:423.22,426.6 2 0
github.com/edgenesis/shifu/pkg/deviceshifu/deviceshifuhttp/deviceshifuhttp.go:429.19,432.6 2 0
github.com/edgenesis/shifu/pkg/deviceshifu/deviceshifuhttp/deviceshifuhttp.go:434.20,435.90 1 0
github.com/edgenesis/shifu/pkg/deviceshifu/deviceshifuhttp/deviceshifuhttp.go:435.90,437.52 2 0
github.com/edgenesis/shifu/pkg/deviceshifu/deviceshifuhttp/deviceshifuhttp.go:441.7,442.15 2 0
github.com/edgenesis/shifu/pkg/deviceshifu/deviceshifuhttp/deviceshifuhttp.go:437.52,439.8 1 0
github.com/edgenesis/shifu/pkg/deviceshifu/deviceshifuhttp/deviceshifuhttp.go:458.64,460.2 1 2
github.com/edgenesis/shifu/pkg/deviceshifu/deviceshifuhttp/deviceshifuhttp.go:463.41,465.2 1 2
github.com/edgenesis/shifu/pkg/deviceshifu/deviceshifumqtt/deviceshifumqtt.go:41.90,43.16 2 2
github.com/edgenesis/shifu/pkg/deviceshifu/deviceshifumqtt/deviceshifumqtt.go:47.2,47.88 1 2
github.com/edgenesis/shifu/pkg/deviceshifu/deviceshifumqtt/deviceshifumqtt.go:85.2,90.16 4 2
github.com/edgenesis/shifu/pkg/deviceshifu/deviceshifumqtt/deviceshifumqtt.go:43.16,45.3 1 0
github.com/edgenesis/shifu/pkg/deviceshifu/deviceshifumqtt/deviceshifumqtt.go:47.88,48.63 1 0
github.com/edgenesis/shifu/pkg/deviceshifu/deviceshifumqtt/deviceshifumqtt.go:49.30,52.68 3 0
github.com/edgenesis/shifu/pkg/deviceshifu/deviceshifumqtt/deviceshifumqtt.go:56.4,56.84 1 0
github.com/edgenesis/shifu/pkg/deviceshifu/deviceshifumqtt/deviceshifumqtt.go:64.4,71.71 8 0
github.com/edgenesis/shifu/pkg/deviceshifu/deviceshifumqtt/deviceshifumqtt.go:75.4,82.69 4 0
github.com/edgenesis/shifu/pkg/deviceshifu/deviceshifumqtt/deviceshifumqtt.go:52.68,54.5 1 0
github.com/edgenesis/shifu/pkg/deviceshifu/deviceshifumqtt/deviceshifumqtt.go:56.84,60.5 2 0
github.com/edgenesis/shifu/pkg/deviceshifu/deviceshifumqtt/deviceshifumqtt.go:60.10,62.5 1 0
github.com/edgenesis/shifu/pkg/deviceshifu/deviceshifumqtt/deviceshifumqtt.go:71.71,72.25 1 0
github.com/edgenesis/shifu/pkg/deviceshifu/deviceshifumqtt/deviceshifumqtt.go:93.88,98.2 4 0
github.com/edgenesis/shifu/pkg/deviceshifu/deviceshifumqtt/deviceshifumqtt.go:100.69,102.2 1 0
github.com/edgenesis/shifu/pkg/deviceshifu/deviceshifumqtt/deviceshifumqtt.go:104.89,106.2 1 0
github.com/edgenesis/shifu/pkg/deviceshifu/deviceshifumqtt/deviceshifumqtt.go:108.44,113.2 3 0
github.com/edgenesis/shifu/pkg/deviceshifu/deviceshifumqtt/deviceshifumqtt.go:121.94,125.52 2 2
github.com/edgenesis/shifu/pkg/deviceshifu/deviceshifumqtt/deviceshifumqtt.go:131.2,133.21 2 2
github.com/edgenesis/shifu/pkg/deviceshifu/deviceshifumqtt/deviceshifumqtt.go:137.2,137.66 1 1
github.com/edgenesis/shifu/pkg/deviceshifu/deviceshifumqtt/deviceshifumqtt.go:125.52,126.42 1 2
github.com/edgenesis/shifu/pkg/deviceshifu/deviceshifumqtt/deviceshifumqtt.go:126.42,128.4 1 3
github.com/edgenesis/shifu/pkg/deviceshifu/deviceshifumqtt/deviceshifumqtt.go:133.21,135.3 1 1
github.com/edgenesis/shifu/pkg/deviceshifu/deviceshifumqtt/deviceshifumqtt.go:140.78,141.54 1 0
github.com/edgenesis/shifu/pkg/deviceshifu/deviceshifumqtt/deviceshifumqtt.go:141.54,145.32 2 0
github.com/edgenesis/shifu/pkg/deviceshifu/deviceshifumqtt/deviceshifumqtt.go:145.32,154.18 5 0
github.com/edgenesis/shifu/pkg/deviceshifu/deviceshifumqtt/deviceshifumqtt.go:154.18,158.5 3 0
github.com/edgenesis/shifu/pkg/deviceshifu/deviceshifumqtt/deviceshifumqtt.go:159.9,163.4 3 0
github.com/edgenesis/shifu/pkg/deviceshifu/deviceshifumqtt/deviceshifumqtt.go:176.109,180.53 4 1
github.com/edgenesis/shifu/pkg/deviceshifu/deviceshifumqtt/deviceshifumqtt.go:200.2,200.70 1 1
github.com/edgenesis/shifu/pkg/deviceshifu/deviceshifumqtt/deviceshifumqtt.go:180.53,181.44 1 3
github.com/edgenesis/shifu/pkg/deviceshifu/deviceshifumqtt/deviceshifumqtt.go:181.44,182.33 1 1
github.com/edgenesis/shifu/pkg/deviceshifu/deviceshifumqtt/deviceshifumqtt.go:182.33,184.5 1 1
github.com/edgenesis/shifu/pkg/deviceshifu/deviceshifumqtt/deviceshifumqtt.go:184.10,185.52 1 0
github.com/edgenesis/shifu/pkg/deviceshifu/deviceshifumqtt/deviceshifumqtt.go:185.52,187.6 1 0
github.com/edgenesis/shifu/pkg/deviceshifu/deviceshifumqtt/deviceshifumqtt.go:189.9,190.32 1 2
github.com/edgenesis/shifu/pkg/deviceshifu/deviceshifumqtt/deviceshifumqtt.go:194.4,195.51 2 2
github.com/edgenesis/shifu/pkg/deviceshifu/deviceshifumqtt/deviceshifumqtt.go:190.32,191.13 1 0
github.com/edgenesis/shifu/pkg/deviceshifu/deviceshifumqtt/deviceshifumqtt.go:195.51,197.5 1 2
github.com/edgenesis/shifu/pkg/deviceshifu/deviceshifumqtt/deviceshifumqtt.go:206.61,208.45 1 0
github.com/edgenesis/shifu/pkg/deviceshifu/deviceshifumqtt/deviceshifumqtt.go:231.2,231.19 1 0
github.com/edgenesis/shifu/pkg/deviceshifu/deviceshifumqtt/deviceshifumqtt.go:208.45,209.66 1 0
github.com/edgenesis/shifu/pkg/deviceshifu/deviceshifumqtt/deviceshifumqtt.go:210.30,212.46 2 0
github.com/edgenesis/shifu/pkg/deviceshifu/deviceshifumqtt/deviceshifumqtt.go:216.4,216.103 1 0
github.com/edgenesis/shifu/pkg/deviceshifu/deviceshifumqtt/deviceshifumqtt.go:221.4,222.140 2 0
github.com/edgenesis/shifu/pkg/deviceshifu/deviceshifumqtt/deviceshifumqtt.go:225.11,227.21 2 0
github.com/edgenesis/shifu/pkg/deviceshifu/deviceshifumqtt/deviceshifumqtt.go:212.46,214.5 1 0
github.com/edgenesis/shifu/pkg/deviceshifu/deviceshifumqtt/deviceshifumqtt.go:216.103,219.5 2 0
github.com/edgenesis/shifu/pkg/deviceshifu/deviceshifumqtt/deviceshifumqtt.go:222.140,224.5 1 0
github.com/edgenesis/shifu/pkg/deviceshifu/deviceshifumqtt/deviceshifumqtt.go:235.60,237.2 1 2
github.com/edgenesis/shifu/pkg/deviceshifu/deviceshifumqtt/deviceshifumqtt.go:240.37,242.2 1 2
github.com/edgenesis/shifu/pkg/deviceshifu/deviceshifuopcua/deviceshifuopcua.go:39.90,40.41 1 4
github.com/edgenesis/shifu/pkg/deviceshifu/deviceshifuopcua/deviceshifuopcua.go:44.2,45.16 2 3
github.com/edgenesis/shifu/pkg/deviceshifu/deviceshifuopcua/deviceshifuopcua.go:49.2,50.16 2 3
github.com/edgenesis/shifu/pkg/deviceshifu/deviceshifuopcua/deviceshifuopcua.go:53.2,55.88 2 3
github.com/edgenesis/shifu/pkg/deviceshifu/deviceshifuopcua/deviceshifuopcua.go:133.2,142.16 4 3
github.com/edgenesis/shifu/pkg/deviceshifu/deviceshifuopcua/deviceshifuopcua.go:40.41,42.3 1 1
github.com/edgenesis/shifu/pkg/deviceshifu/deviceshifuopcua/deviceshifuopcua.go:45.16,47.3 1 0
github.com/edgenesis/shifu/pkg/deviceshifu/deviceshifuopcua/deviceshifuopcua.go:50.16,52.3 1 0
github.com/edgenesis/shifu/pkg/deviceshifu/deviceshifuopcua/deviceshifuopcua.go:55.88,57.63 1 0
github.com/edgenesis/shifu/pkg/deviceshifu/deviceshifuopcua/deviceshifuopcua.go:58.31,59.72 1 0
github.com/edgenesis/shifu/pkg/deviceshifu/deviceshifuopcua/deviceshifuopcua.go:59.72,68.19 4 0
github.com/edgenesis/shifu/pkg/deviceshifu/deviceshifuopcua/deviceshifuopcua.go:73.5,74.18 2 0
github.com/edgenesis/shifu/pkg/deviceshifu/deviceshifuopcua/deviceshifuopcua.go:78.5,86.68 4 0
github.com/edgenesis/shifu/pkg/deviceshifu/deviceshifuopcua/deviceshifuopcua.go:113.5,115.52 3 0
github.com/edgenesis/shifu/pkg/deviceshifu/deviceshifuopcua/deviceshifuopcua.go:119.5,120.98 2 0
github.com/edgenesis/shifu/pkg/deviceshifu/deviceshifuopcua/deviceshifuopcua.go:128.5,128.65 1 0
github.com/edgenesis/shifu/pkg/deviceshifu/deviceshifuopcua/deviceshifuopcua.go:68.19,71.6 2 0
github.com/edgenesis/shifu/pkg/deviceshifu/deviceshifuopcua/deviceshifuopcua.go:74.18,76.6 1 0
github.com/edgenesis/shifu/pkg/deviceshifu/deviceshifuopcua/deviceshifuopcua.go:87.38,88.84 1 0
github.com/edgenesis/shifu/pkg/deviceshifu/deviceshifuopcua/deviceshifuopcua.go:89.38,93.20 4 0
github.com/edgenesis/shifu/pkg/deviceshifu/deviceshifuopcua/deviceshifuopcua.go:96.6,100.7 1 0
github.com/edgenesis/shifu/pkg/deviceshifu/deviceshifuopcua/deviceshifuopcua.go:101.35,102.89 1 0
github.com/edgenesis/shifu/pkg/deviceshifu/deviceshifuopcua/deviceshifuopcua.go:103.36,104.17 1 0
github.com/edgenesis/shifu/pkg/deviceshifu/deviceshifuopcua/deviceshifuopcua.go:105.13,106.52 1 0
github.com/edgenesis/shifu/pkg/deviceshifu/deviceshifuopcua/deviceshifuopcua.go:110.6,110.54 1 0
github.com/edgenesis/shifu/pkg/deviceshifu/deviceshifuopcua/deviceshifuopcua.go:93.20,95.7 1 0
github.com/edgenesis/shifu/pkg/deviceshifu/deviceshifuopcua/deviceshifuopcua.go:106.52,108.7 1 0
github.com/edgenesis/shifu/pkg/deviceshifu/deviceshifuopcua/deviceshifuopcua.go:115.52,117.6 1 0
github.com/edgenesis/shifu/pkg/deviceshifu/deviceshifuopcua/deviceshifuopcua.go:120.98,123.6 2 0
github.com/edgenesis/shifu/pkg/deviceshifu/deviceshifuopcua/deviceshifuopcua.go:123.11,126.6 2 0
github.com/edgenesis/shifu/pkg/deviceshifu/deviceshifuopcua/deviceshifuopcua.go:152.79,153.54 1 0
github.com/edgenesis/shifu/pkg/deviceshifu/deviceshifuopcua/deviceshifuopcua.go:153.54,158.17 4 0
github.com/edgenesis/shifu/pkg/deviceshifu/deviceshifuopcua/deviceshifuopcua.go:162.3,175.17 6 0
github.com/edgenesis/shifu/pkg/deviceshifu/deviceshifuopcua/deviceshifuopcua.go:181.3,181.44 1 0
github.com/edgenesis/shifu/pkg/deviceshifu/deviceshifuopcua/deviceshifuopcua.go:187.3,192.54 3 0
github.com/edgenesis/shifu/pkg/deviceshifu/deviceshifuopcua/deviceshifuopcua.go:158.17,160.4 1 0
github.com/edgenesis/shifu/pkg/deviceshifu/deviceshifuopcua/deviceshifuopcua.go:175.17,179.4 3 0
github.com/edgenesis/shifu/pkg/deviceshifu/deviceshifuopcua/deviceshifuopcua.go:181.44,185.4 3 0
github.com/edgenesis/shifu/pkg/deviceshifu/deviceshifuopcua/deviceshifuopcua.go:196.98,197.97 1 0
github.com/edgenesis/shifu/pkg/deviceshifu/deviceshifuopcua/deviceshifuopcua.go:201.2,201.104 1 0
github.com/edgenesis/shifu/pkg/deviceshifu/deviceshifuopcua/deviceshifuopcua.go:197.97,199.3 1 0
github.com/edgenesis/shifu/pkg/deviceshifu/deviceshifuopcua/deviceshifuopcua.go:204.64,206.16 2 0
github.com/edgenesis/shifu/pkg/deviceshifu/deviceshifuopcua/deviceshifuopcua.go:210.2,223.16 6 0
github.com/edgenesis/shifu/pkg/deviceshifu/deviceshifuopcua/deviceshifuopcua.go:228.2,228.43 1 0
github.com/edgenesis/shifu/pkg/deviceshifu/deviceshifuopcua/deviceshifuopcua.go:233.2,235.12 2 0
github.com/edgenesis/shifu/pkg/deviceshifu/deviceshifuopcua/deviceshifuopcua.go:206.16,208.3 1 0
github.com/edgenesis/shifu/pkg/deviceshifu/deviceshifuopcua/deviceshifuopcua.go:223.16,226.3 2 0
github.com/edgenesis/shifu/pkg/deviceshifu/deviceshifuopcua/deviceshifuopcua.go:228.43,231.3 2 0
github.com/edgenesis/shifu/pkg/deviceshifu/deviceshifuopcua/deviceshifuopcua.go:238.62,239.45 1 0
github.com/edgenesis/shifu/pkg/deviceshifu/deviceshifuopcua/deviceshifuopcua.go:271.2,271.18 1 0
github.com/edgenesis/shifu/pkg/deviceshifu/deviceshifuopcua/deviceshifuopcua.go:239.45,240.66 1 0
github.com/edgenesis/shifu/pkg/deviceshifu/deviceshifuopcua/deviceshifuopcua.go:241.31,243.60 2 0
github.com/edgenesis/shifu/pkg/deviceshifu/deviceshifuopcua/deviceshifuopcua.go:265.11,267.21 2 0
github.com/edgenesis/shifu/pkg/deviceshifu/deviceshifuopcua/deviceshifuopcua.go:243.60,244.47 1 0
github.com/edgenesis/shifu/pkg/deviceshifu/deviceshifuopcua/deviceshifuopcua.go:248.5,248.88 1 0
github.com/edgenesis/shifu/pkg/deviceshifu/deviceshifuopcua/deviceshifuopcua.go:252.5,254.19 3 0
github.com/edgenesis/shifu/pkg/deviceshifu/deviceshifuopcua/deviceshifuopcua.go:259.5,259.56 1 0
github.com/edgenesis/shifu/pkg/deviceshifu/deviceshifuopcua/deviceshifuopcua.go:244.47,246.6 1 0
github.com/edgenesis/shifu/pkg/deviceshifu/deviceshifuopcua/deviceshifuopcua.go:248.88,250.6 1 0
github.com/edgenesis/shifu/pkg/deviceshifu/deviceshifuopcua/deviceshifuopcua.go:254.19,257.6 2 0
github.com/edgenesis/shifu/pkg/deviceshifu/deviceshifuopcua/deviceshifuopcua.go:259.56,262.6 2 0
github.com/edgenesis/shifu/pkg/deviceshifu/deviceshifuopcua/deviceshifuopcua.go:276.60,278.2 1 2
github.com/edgenesis/shifu/pkg/deviceshifu/deviceshifuopcua/deviceshifuopcua.go:281.37,283.2 1 2
github.com/edgenesis/shifu/pkg/deviceshifu/deviceshifuopcua/deviceshifuopcuaconfig.go:28.106,31.62 2 4
github.com/edgenesis/shifu/pkg/deviceshifu/deviceshifuopcua/deviceshifuopcuaconfig.go:39.2,39.41 1 4
github.com/edgenesis/shifu/pkg/deviceshifu/deviceshifuopcua/deviceshifuopcuaconfig.go:31.62,38.3 2 12
github.com/edgenesis/shifu/pkg/k8s/controllers/edgedevice_controller.go:47.102,51.59 3 0
github.com/edgenesis/shifu/pkg/k8s/controllers/edgedevice_controller.go:60.2,62.27 2 0
github.com/edgenesis/shifu/pkg/k8s/controllers/edgedevice_controller.go:51.59,57.3 2 0
github.com/edgenesis/shifu/pkg/k8s/controllers/edgedevice_controller.go:66.73,70.2 1 0
github.com/edgenesis/shifu/pkg/k8s/controllers/telemetryservice_controller.go:47.108,51.59 3 0
github.com/edgenesis/shifu/pkg/k8s/controllers/telemetryservice_controller.go:60.2,62.27 2 0
github.com/edgenesis/shifu/pkg/k8s/controllers/telemetryservice_controller.go:51.59,57.3 2 0
github.com/edgenesis/shifu/pkg/k8s/controllers/telemetryservice_controller.go:66.79,70.2 1 0
github.com/edgenesis/shifu/pkg/deviceshifu/deviceshifuplc4x/deviceshifuplc4x.go:25.90,27.16 2 1
github.com/edgenesis/shifu/pkg/deviceshifu/deviceshifuplc4x/deviceshifuplc4x.go:31.2,34.88 3 1
github.com/edgenesis/shifu/pkg/deviceshifu/deviceshifuplc4x/deviceshifuplc4x.go:71.2,74.16 3 1
github.com/edgenesis/shifu/pkg/deviceshifu/deviceshifuplc4x/deviceshifuplc4x.go:27.16,29.3 1 0
github.com/edgenesis/shifu/pkg/deviceshifu/deviceshifuplc4x/deviceshifuplc4x.go:34.88,35.63 1 0
github.com/edgenesis/shifu/pkg/deviceshifu/deviceshifuplc4x/deviceshifuplc4x.go:39.3,51.39 7 0
github.com/edgenesis/shifu/pkg/deviceshifu/deviceshifuplc4x/deviceshifuplc4x.go:57.3,59.32 2 0
github.com/edgenesis/shifu/pkg/deviceshifu/deviceshifuplc4x/deviceshifuplc4x.go:64.3,68.58 4 0
github.com/edgenesis/shifu/pkg/deviceshifu/deviceshifuplc4x/deviceshifuplc4x.go:35.63,37.4 1 0
github.com/edgenesis/shifu/pkg/deviceshifu/deviceshifuplc4x/deviceshifuplc4x.go:51.39,54.4 2 0
github.com/edgenesis/shifu/pkg/deviceshifu/deviceshifuplc4x/deviceshifuplc4x.go:59.32,62.4 2 0
github.com/edgenesis/shifu/pkg/deviceshifu/deviceshifuplc4x/deviceshifuplc4x.go:77.68,78.54 1 0
github.com/edgenesis/shifu/pkg/deviceshifu/deviceshifuplc4x/deviceshifuplc4x.go:78.54,80.17 2 0
github.com/edgenesis/shifu/pkg/deviceshifu/deviceshifuplc4x/deviceshifuplc4x.go:85.3,87.34 2 0
github.com/edgenesis/shifu/pkg/deviceshifu/deviceshifuplc4x/deviceshifuplc4x.go:92.3,93.17 2 0
github.com/edgenesis/shifu/pkg/deviceshifu/deviceshifuplc4x/deviceshifuplc4x.go:99.3,100.10 2 0
github.com/edgenesis/shifu/pkg/deviceshifu/deviceshifuplc4x/deviceshifuplc4x.go:108.3,108.45 1 0
github.com/edgenesis/shifu/pkg/deviceshifu/deviceshifuplc4x/deviceshifuplc4x.go:80.17,84.4 3 0
github.com/edgenesis/shifu/pkg/deviceshifu/deviceshifuplc4x/deviceshifuplc4x.go:87.34,90.4 2 0
github.com/edgenesis/shifu/pkg/deviceshifu/deviceshifuplc4x/deviceshifuplc4x.go:93.17,97.4 3 0
github.com/edgenesis/shifu/pkg/deviceshifu/deviceshifuplc4x/deviceshifuplc4x.go:101.46,101.46 0 0
github.com/edgenesis/shifu/pkg/deviceshifu/deviceshifuplc4x/deviceshifuplc4x.go:102.34,105.10 3 0
github.com/edgenesis/shifu/pkg/deviceshifu/deviceshifuplc4x/deviceshifuplc4x.go:108.45,112.4 3 0
github.com/edgenesis/shifu/pkg/deviceshifu/deviceshifuplc4x/deviceshifuplc4x.go:116.67,117.54 1 0
github.com/edgenesis/shifu/pkg/deviceshifu/deviceshifuplc4x/deviceshifuplc4x.go:117.54,119.17 2 0
github.com/edgenesis/shifu/pkg/deviceshifu/deviceshifuplc4x/deviceshifuplc4x.go:124.3,126.27 2 0
github.com/edgenesis/shifu/pkg/deviceshifu/deviceshifuplc4x/deviceshifuplc4x.go:131.3,132.17 2 0
github.com/edgenesis/shifu/pkg/deviceshifu/deviceshifuplc4x/deviceshifuplc4x.go:138.3,139.10 2 0
github.com/edgenesis/shifu/pkg/deviceshifu/deviceshifuplc4x/deviceshifuplc4x.go:147.3,147.45 1 0
github.com/edgenesis/shifu/pkg/deviceshifu/deviceshifuplc4x/deviceshifuplc4x.go:153.3,154.66 2 0
github.com/edgenesis/shifu/pkg/deviceshifu/deviceshifuplc4x/deviceshifuplc4x.go:159.3,160.17 2 0
github.com/edgenesis/shifu/pkg/deviceshifu/deviceshifuplc4x/deviceshifuplc4x.go:166.3,167.17 2 0
github.com/edgenesis/shifu/pkg/deviceshifu/deviceshifuplc4x/deviceshifuplc4x.go:119.17,123.4 3 0
github.com/edgenesis/shifu/pkg/deviceshifu/deviceshifuplc4x/deviceshifuplc4x.go:126.27,129.4 2 0
github.com/edgenesis/shifu/pkg/deviceshifu/deviceshifuplc4x/deviceshifuplc4x.go:132.17,136.4 3 0
github.com/edgenesis/shifu/pkg/deviceshifu/deviceshifuplc4x/deviceshifuplc4x.go:140.46,140.46 0 0
github.com/edgenesis/shifu/pkg/deviceshifu/deviceshifuplc4x/deviceshifuplc4x.go:141.34,144.10 3 0
github.com/edgenesis/shifu/pkg/deviceshifu/deviceshifuplc4x/deviceshifuplc4x.go:147.45,151.4 3 0
github.com/edgenesis/shifu/pkg/deviceshifu/deviceshifuplc4x/deviceshifuplc4x.go:154.66,157.4 2 0
github.com/edgenesis/shifu/pkg/deviceshifu/deviceshifuplc4x/deviceshifuplc4x.go:160.17,164.4 3 0
github.com/edgenesis/shifu/pkg/deviceshifu/deviceshifuplc4x/deviceshifuplc4x.go:167.17,170.4 2 0
github.com/edgenesis/shifu/pkg/deviceshifu/deviceshifuplc4x/deviceshifuplc4x.go:174.62,178.9 3 0
github.com/edgenesis/shifu/pkg/deviceshifu/deviceshifuplc4x/deviceshifuplc4x.go:187.2,187.18 1 0
github.com/edgenesis/shifu/pkg/deviceshifu/deviceshifuplc4x/deviceshifuplc4x.go:179.33,180.53 1 0
github.com/edgenesis/shifu/pkg/deviceshifu/deviceshifuplc4x/deviceshifuplc4x.go:181.30,182.41 1 0
github.com/edgenesis/shifu/pkg/deviceshifu/deviceshifuplc4x/deviceshifuplc4x.go:182.41,184.4 1 0
github.com/edgenesis/shifu/pkg/deviceshifu/deviceshifuplc4x/deviceshifuplc4x.go:191.60,193.2 1 1
github.com/edgenesis/shifu/pkg/deviceshifu/deviceshifuplc4x/deviceshifuplc4x.go:196.37,198.2 1 1
