mode: atomic
github.com/edgenesis/shifu/pkg/deviceshifu/mockdevice/mockdevice/mockdevice.go:36.59,39.12 2 1
github.com/edgenesis/shifu/pkg/deviceshifu/mockdevice/mockdevice/mockdevice.go:45.2,45.12 1 1
github.com/edgenesis/shifu/pkg/deviceshifu/mockdevice/mockdevice/mockdevice.go:39.12,41.17 2 1
github.com/edgenesis/shifu/pkg/deviceshifu/mockdevice/mockdevice/mockdevice.go:41.17,43.4 1 0
github.com/edgenesis/shifu/pkg/deviceshifu/mockdevice/mockdevice/mockdevice.go:48.69,51.2 2 1
github.com/edgenesis/shifu/pkg/deviceshifu/mockdevice/mockdevice/mockdevice.go:53.66,55.2 1 0
github.com/edgenesis/shifu/pkg/deviceshifu/mockdevice/mockdevice/mockdevice.go:58.137,61.42 3 1
github.com/edgenesis/shifu/pkg/deviceshifu/mockdevice/mockdevice/mockdevice.go:65.2,74.16 2 1
github.com/edgenesis/shifu/pkg/deviceshifu/mockdevice/mockdevice/mockdevice.go:61.42,63.3 1 2
github.com/edgenesis/shifu/pkg/deviceshifu/mockdevice/mockdevice/mockdevice.go:78.90,82.16 4 1
github.com/edgenesis/shifu/pkg/deviceshifu/mockdevice/mockdevice/mockdevice.go:86.2,87.16 2 1
github.com/edgenesis/shifu/pkg/deviceshifu/mockdevice/mockdevice/mockdevice.go:91.2,91.9 1 1
github.com/edgenesis/shifu/pkg/deviceshifu/mockdevice/mockdevice/mockdevice.go:82.16,84.3 1 0
github.com/edgenesis/shifu/pkg/deviceshifu/mockdevice/mockdevice/mockdevice.go:87.16,89.3 1 0
github.com/edgenesis/shifu/pkg/deviceshifu/deviceshifuopcua/deviceshifuopcua.go:39.90,40.41 1 4
github.com/edgenesis/shifu/pkg/deviceshifu/deviceshifuopcua/deviceshifuopcua.go:44.2,45.16 2 3
github.com/edgenesis/shifu/pkg/deviceshifu/deviceshifuopcua/deviceshifuopcua.go:49.2,50.16 2 3
github.com/edgenesis/shifu/pkg/deviceshifu/deviceshifuopcua/deviceshifuopcua.go:53.2,55.88 2 3
github.com/edgenesis/shifu/pkg/deviceshifu/deviceshifuopcua/deviceshifuopcua.go:133.2,140.16 3 3
github.com/edgenesis/shifu/pkg/deviceshifu/deviceshifuopcua/deviceshifuopcua.go:40.41,42.3 1 1
github.com/edgenesis/shifu/pkg/deviceshifu/deviceshifuopcua/deviceshifuopcua.go:45.16,47.3 1 0
github.com/edgenesis/shifu/pkg/deviceshifu/deviceshifuopcua/deviceshifuopcua.go:50.16,52.3 1 0
github.com/edgenesis/shifu/pkg/deviceshifu/deviceshifuopcua/deviceshifuopcua.go:55.88,57.63 1 0
github.com/edgenesis/shifu/pkg/deviceshifu/deviceshifuopcua/deviceshifuopcua.go:58.31,59.72 1 0
github.com/edgenesis/shifu/pkg/deviceshifu/deviceshifuopcua/deviceshifuopcua.go:59.72,68.19 4 0
github.com/edgenesis/shifu/pkg/deviceshifu/deviceshifuopcua/deviceshifuopcua.go:73.5,74.18 2 0
github.com/edgenesis/shifu/pkg/deviceshifu/deviceshifuopcua/deviceshifuopcua.go:78.5,86.68 4 0
github.com/edgenesis/shifu/pkg/deviceshifu/deviceshifuopcua/deviceshifuopcua.go:113.5,115.52 3 0
github.com/edgenesis/shifu/pkg/deviceshifu/deviceshifuopcua/deviceshifuopcua.go:119.5,120.98 2 0
github.com/edgenesis/shifu/pkg/deviceshifu/deviceshifuopcua/deviceshifuopcua.go:128.5,128.65 1 0
github.com/edgenesis/shifu/pkg/deviceshifu/deviceshifuopcua/deviceshifuopcua.go:68.19,71.6 2 0
github.com/edgenesis/shifu/pkg/deviceshifu/deviceshifuopcua/deviceshifuopcua.go:74.18,76.6 1 0
github.com/edgenesis/shifu/pkg/deviceshifu/deviceshifuopcua/deviceshifuopcua.go:87.38,88.84 1 0
github.com/edgenesis/shifu/pkg/deviceshifu/deviceshifuopcua/deviceshifuopcua.go:89.38,93.20 4 0
github.com/edgenesis/shifu/pkg/deviceshifu/deviceshifuopcua/deviceshifuopcua.go:96.6,100.7 1 0
github.com/edgenesis/shifu/pkg/deviceshifu/deviceshifuopcua/deviceshifuopcua.go:101.35,102.89 1 0
github.com/edgenesis/shifu/pkg/deviceshifu/deviceshifuopcua/deviceshifuopcua.go:103.36,104.17 1 0
github.com/edgenesis/shifu/pkg/deviceshifu/deviceshifuopcua/deviceshifuopcua.go:105.13,106.52 1 0
github.com/edgenesis/shifu/pkg/deviceshifu/deviceshifuopcua/deviceshifuopcua.go:110.6,110.54 1 0
github.com/edgenesis/shifu/pkg/deviceshifu/deviceshifuopcua/deviceshifuopcua.go:93.20,95.7 1 0
github.com/edgenesis/shifu/pkg/deviceshifu/deviceshifuopcua/deviceshifuopcua.go:106.52,108.7 1 0
github.com/edgenesis/shifu/pkg/deviceshifu/deviceshifuopcua/deviceshifuopcua.go:115.52,117.6 1 0
github.com/edgenesis/shifu/pkg/deviceshifu/deviceshifuopcua/deviceshifuopcua.go:120.98,123.6 2 0
github.com/edgenesis/shifu/pkg/deviceshifu/deviceshifuopcua/deviceshifuopcua.go:123.11,126.6 2 0
github.com/edgenesis/shifu/pkg/deviceshifu/deviceshifuopcua/deviceshifuopcua.go:150.79,151.54 1 0
github.com/edgenesis/shifu/pkg/deviceshifu/deviceshifuopcua/deviceshifuopcua.go:151.54,156.17 4 0
github.com/edgenesis/shifu/pkg/deviceshifu/deviceshifuopcua/deviceshifuopcua.go:160.3,173.17 6 0
github.com/edgenesis/shifu/pkg/deviceshifu/deviceshifuopcua/deviceshifuopcua.go:179.3,179.44 1 0
github.com/edgenesis/shifu/pkg/deviceshifu/deviceshifuopcua/deviceshifuopcua.go:185.3,190.54 3 0
github.com/edgenesis/shifu/pkg/deviceshifu/deviceshifuopcua/deviceshifuopcua.go:156.17,158.4 1 0
github.com/edgenesis/shifu/pkg/deviceshifu/deviceshifuopcua/deviceshifuopcua.go:173.17,177.4 3 0
github.com/edgenesis/shifu/pkg/deviceshifu/deviceshifuopcua/deviceshifuopcua.go:179.44,183.4 3 0
github.com/edgenesis/shifu/pkg/deviceshifu/deviceshifuopcua/deviceshifuopcua.go:194.98,195.97 1 0
github.com/edgenesis/shifu/pkg/deviceshifu/deviceshifuopcua/deviceshifuopcua.go:199.2,199.104 1 0
github.com/edgenesis/shifu/pkg/deviceshifu/deviceshifuopcua/deviceshifuopcua.go:195.97,197.3 1 0
github.com/edgenesis/shifu/pkg/deviceshifu/deviceshifuopcua/deviceshifuopcua.go:202.64,204.16 2 0
github.com/edgenesis/shifu/pkg/deviceshifu/deviceshifuopcua/deviceshifuopcua.go:208.2,221.16 6 0
github.com/edgenesis/shifu/pkg/deviceshifu/deviceshifuopcua/deviceshifuopcua.go:226.2,226.43 1 0
github.com/edgenesis/shifu/pkg/deviceshifu/deviceshifuopcua/deviceshifuopcua.go:231.2,233.12 2 0
github.com/edgenesis/shifu/pkg/deviceshifu/deviceshifuopcua/deviceshifuopcua.go:204.16,206.3 1 0
github.com/edgenesis/shifu/pkg/deviceshifu/deviceshifuopcua/deviceshifuopcua.go:221.16,224.3 2 0
github.com/edgenesis/shifu/pkg/deviceshifu/deviceshifuopcua/deviceshifuopcua.go:226.43,229.3 2 0
github.com/edgenesis/shifu/pkg/deviceshifu/deviceshifuopcua/deviceshifuopcua.go:236.62,237.45 1 0
github.com/edgenesis/shifu/pkg/deviceshifu/deviceshifuopcua/deviceshifuopcua.go:269.2,269.18 1 0
github.com/edgenesis/shifu/pkg/deviceshifu/deviceshifuopcua/deviceshifuopcua.go:237.45,238.66 1 0
github.com/edgenesis/shifu/pkg/deviceshifu/deviceshifuopcua/deviceshifuopcua.go:239.31,241.60 2 0
github.com/edgenesis/shifu/pkg/deviceshifu/deviceshifuopcua/deviceshifuopcua.go:263.11,265.21 2 0
github.com/edgenesis/shifu/pkg/deviceshifu/deviceshifuopcua/deviceshifuopcua.go:241.60,242.47 1 0
github.com/edgenesis/shifu/pkg/deviceshifu/deviceshifuopcua/deviceshifuopcua.go:246.5,246.88 1 0
github.com/edgenesis/shifu/pkg/deviceshifu/deviceshifuopcua/deviceshifuopcua.go:250.5,252.19 3 0
github.com/edgenesis/shifu/pkg/deviceshifu/deviceshifuopcua/deviceshifuopcua.go:257.5,257.56 1 0
github.com/edgenesis/shifu/pkg/deviceshifu/deviceshifuopcua/deviceshifuopcua.go:242.47,244.6 1 0
github.com/edgenesis/shifu/pkg/deviceshifu/deviceshifuopcua/deviceshifuopcua.go:246.88,248.6 1 0
github.com/edgenesis/shifu/pkg/deviceshifu/deviceshifuopcua/deviceshifuopcua.go:252.19,255.6 2 0
github.com/edgenesis/shifu/pkg/deviceshifu/deviceshifuopcua/deviceshifuopcua.go:257.56,260.6 2 0
github.com/edgenesis/shifu/pkg/deviceshifu/deviceshifuopcua/deviceshifuopcua.go:274.60,276.2 1 2
github.com/edgenesis/shifu/pkg/deviceshifu/deviceshifuopcua/deviceshifuopcua.go:279.37,281.2 1 2
github.com/edgenesis/shifu/pkg/deviceshifu/deviceshifuopcua/deviceshifuopcuaconfig.go:28.106,31.62 2 4
github.com/edgenesis/shifu/pkg/deviceshifu/deviceshifuopcua/deviceshifuopcuaconfig.go:39.2,39.41 1 4
github.com/edgenesis/shifu/pkg/deviceshifu/deviceshifuopcua/deviceshifuopcuaconfig.go:31.62,38.3 2 12
github.com/edgenesis/shifu/pkg/deviceshifu/deviceshifusocket/deviceshifusocket.go:32.90,34.16 2 2
github.com/edgenesis/shifu/pkg/deviceshifu/deviceshifusocket/deviceshifusocket.go:37.2,39.88 2 2
github.com/edgenesis/shifu/pkg/deviceshifu/deviceshifusocket/deviceshifusocket.go:73.2,75.16 3 2
github.com/edgenesis/shifu/pkg/deviceshifu/deviceshifusocket/deviceshifusocket.go:34.16,36.3 1 0
github.com/edgenesis/shifu/pkg/deviceshifu/deviceshifusocket/deviceshifusocket.go:39.88,40.63 1 0
github.com/edgenesis/shifu/pkg/deviceshifu/deviceshifusocket/deviceshifusocket.go:41.32,45.57 3 0
github.com/edgenesis/shifu/pkg/deviceshifu/deviceshifusocket/deviceshifusocket.go:49.4,49.23 1 0
github.com/edgenesis/shifu/pkg/deviceshifu/deviceshifusocket/deviceshifusocket.go:54.4,55.18 2 0
github.com/edgenesis/shifu/pkg/deviceshifu/deviceshifusocket/deviceshifusocket.go:59.4,60.90 2 0
github.com/edgenesis/shifu/pkg/deviceshifu/deviceshifusocket/deviceshifusocket.go:45.57,47.5 1 0
github.com/edgenesis/shifu/pkg/deviceshifu/deviceshifusocket/deviceshifusocket.go:49.23,52.5 2 0
github.com/edgenesis/shifu/pkg/deviceshifu/deviceshifusocket/deviceshifusocket.go:55.18,57.5 1 0
github.com/edgenesis/shifu/pkg/deviceshifu/deviceshifusocket/deviceshifusocket.go:60.90,69.5 2 0
github.com/edgenesis/shifu/pkg/deviceshifu/deviceshifusocket/deviceshifusocket.go:78.94,82.52 2 2
github.com/edgenesis/shifu/pkg/deviceshifu/deviceshifusocket/deviceshifusocket.go:88.2,90.21 2 2
github.com/edgenesis/shifu/pkg/deviceshifu/deviceshifusocket/deviceshifusocket.go:94.2,94.66 1 1
github.com/edgenesis/shifu/pkg/deviceshifu/deviceshifusocket/deviceshifusocket.go:82.52,83.42 1 2
github.com/edgenesis/shifu/pkg/deviceshifu/deviceshifusocket/deviceshifusocket.go:83.42,85.4 1 3
github.com/edgenesis/shifu/pkg/deviceshifu/deviceshifusocket/deviceshifusocket.go:90.21,92.3 1 1
github.com/edgenesis/shifu/pkg/deviceshifu/deviceshifusocket/deviceshifusocket.go:97.84,98.54 1 0
github.com/edgenesis/shifu/pkg/deviceshifu/deviceshifusocket/deviceshifusocket.go:98.54,100.46 2 0
github.com/edgenesis/shifu/pkg/deviceshifu/deviceshifusocket/deviceshifusocket.go:106.3,108.17 3 0
github.com/edgenesis/shifu/pkg/deviceshifu/deviceshifusocket/deviceshifusocket.go:114.3,118.18 5 0
github.com/edgenesis/shifu/pkg/deviceshifu/deviceshifusocket/deviceshifusocket.go:127.3,129.17 3 0
github.com/edgenesis/shifu/pkg/deviceshifu/deviceshifusocket/deviceshifusocket.go:135.3,136.17 2 0
github.com/edgenesis/shifu/pkg/deviceshifu/deviceshifusocket/deviceshifusocket.go:142.3,150.17 5 0
github.com/edgenesis/shifu/pkg/deviceshifu/deviceshifusocket/deviceshifusocket.go:100.46,104.4 3 0
github.com/edgenesis/shifu/pkg/deviceshifu/deviceshifusocket/deviceshifusocket.go:108.17,112.4 3 0
github.com/edgenesis/shifu/pkg/deviceshifu/deviceshifusocket/deviceshifusocket.go:118.18,120.18 2 0
github.com/edgenesis/shifu/pkg/deviceshifu/deviceshifusocket/deviceshifusocket.go:120.18,124.5 3 0
github.com/edgenesis/shifu/pkg/deviceshifu/deviceshifusocket/deviceshifusocket.go:129.17,133.4 3 0
github.com/edgenesis/shifu/pkg/deviceshifu/deviceshifusocket/deviceshifusocket.go:136.17,140.4 3 0
github.com/edgenesis/shifu/pkg/deviceshifu/deviceshifusocket/deviceshifusocket.go:150.17,153.4 2 0
github.com/edgenesis/shifu/pkg/deviceshifu/deviceshifusocket/deviceshifusocket.go:165.109,169.53 4 1
github.com/edgenesis/shifu/pkg/deviceshifu/deviceshifusocket/deviceshifusocket.go:189.2,189.70 1 1
github.com/edgenesis/shifu/pkg/deviceshifu/deviceshifusocket/deviceshifusocket.go:169.53,170.44 1 3
github.com/edgenesis/shifu/pkg/deviceshifu/deviceshifusocket/deviceshifusocket.go:170.44,171.33 1 1
github.com/edgenesis/shifu/pkg/deviceshifu/deviceshifusocket/deviceshifusocket.go:171.33,173.5 1 1
github.com/edgenesis/shifu/pkg/deviceshifu/deviceshifusocket/deviceshifusocket.go:173.10,174.52 1 0
github.com/edgenesis/shifu/pkg/deviceshifu/deviceshifusocket/deviceshifusocket.go:174.52,176.6 1 0
github.com/edgenesis/shifu/pkg/deviceshifu/deviceshifusocket/deviceshifusocket.go:178.9,179.32 1 2
github.com/edgenesis/shifu/pkg/deviceshifu/deviceshifusocket/deviceshifusocket.go:183.4,184.51 2 2
github.com/edgenesis/shifu/pkg/deviceshifu/deviceshifusocket/deviceshifusocket.go:179.32,180.13 1 0
github.com/edgenesis/shifu/pkg/deviceshifu/deviceshifusocket/deviceshifusocket.go:184.51,186.5 1 2
github.com/edgenesis/shifu/pkg/deviceshifu/deviceshifusocket/deviceshifusocket.go:195.63,196.44 1 0
github.com/edgenesis/shifu/pkg/deviceshifu/deviceshifusocket/deviceshifusocket.go:200.2,200.45 1 0
github.com/edgenesis/shifu/pkg/deviceshifu/deviceshifusocket/deviceshifusocket.go:216.2,216.18 1 0
github.com/edgenesis/shifu/pkg/deviceshifu/deviceshifusocket/deviceshifusocket.go:196.44,198.3 1 0
github.com/edgenesis/shifu/pkg/deviceshifu/deviceshifusocket/deviceshifusocket.go:200.45,201.66 1 0
github.com/edgenesis/shifu/pkg/deviceshifu/deviceshifusocket/deviceshifusocket.go:202.32,204.18 2 0
github.com/edgenesis/shifu/pkg/deviceshifu/deviceshifusocket/deviceshifusocket.go:209.4,210.20 2 0
github.com/edgenesis/shifu/pkg/deviceshifu/deviceshifusocket/deviceshifusocket.go:211.11,213.21 2 0
github.com/edgenesis/shifu/pkg/deviceshifu/deviceshifusocket/deviceshifusocket.go:204.18,207.5 2 0
github.com/edgenesis/shifu/pkg/deviceshifu/deviceshifusocket/deviceshifusocket.go:220.60,222.2 1 2
github.com/edgenesis/shifu/pkg/deviceshifu/deviceshifusocket/deviceshifusocket.go:225.37,227.2 1 2
github.com/edgenesis/shifu/pkg/deviceshifu/deviceshifumqtt/deviceshifumqtt.go:41.90,43.16 2 2
github.com/edgenesis/shifu/pkg/deviceshifu/deviceshifumqtt/deviceshifumqtt.go:47.2,47.88 1 2
github.com/edgenesis/shifu/pkg/deviceshifu/deviceshifumqtt/deviceshifumqtt.go:85.2,88.16 3 2
github.com/edgenesis/shifu/pkg/deviceshifu/deviceshifumqtt/deviceshifumqtt.go:43.16,45.3 1 0
github.com/edgenesis/shifu/pkg/deviceshifu/deviceshifumqtt/deviceshifumqtt.go:47.88,48.63 1 0
github.com/edgenesis/shifu/pkg/deviceshifu/deviceshifumqtt/deviceshifumqtt.go:49.30,52.68 3 0
github.com/edgenesis/shifu/pkg/deviceshifu/deviceshifumqtt/deviceshifumqtt.go:56.4,56.84 1 0
github.com/edgenesis/shifu/pkg/deviceshifu/deviceshifumqtt/deviceshifumqtt.go:64.4,71.71 8 0
github.com/edgenesis/shifu/pkg/deviceshifu/deviceshifumqtt/deviceshifumqtt.go:75.4,82.69 4 0
github.com/edgenesis/shifu/pkg/deviceshifu/deviceshifumqtt/deviceshifumqtt.go:52.68,54.5 1 0
github.com/edgenesis/shifu/pkg/deviceshifu/deviceshifumqtt/deviceshifumqtt.go:56.84,60.5 2 0
github.com/edgenesis/shifu/pkg/deviceshifu/deviceshifumqtt/deviceshifumqtt.go:60.10,62.5 1 0
github.com/edgenesis/shifu/pkg/deviceshifu/deviceshifumqtt/deviceshifumqtt.go:71.71,72.25 1 0
github.com/edgenesis/shifu/pkg/deviceshifu/deviceshifumqtt/deviceshifumqtt.go:91.88,96.2 4 0
github.com/edgenesis/shifu/pkg/deviceshifu/deviceshifumqtt/deviceshifumqtt.go:98.69,100.2 1 0
github.com/edgenesis/shifu/pkg/deviceshifu/deviceshifumqtt/deviceshifumqtt.go:102.89,104.2 1 0
github.com/edgenesis/shifu/pkg/deviceshifu/deviceshifumqtt/deviceshifumqtt.go:106.44,111.2 3 0
github.com/edgenesis/shifu/pkg/deviceshifu/deviceshifumqtt/deviceshifumqtt.go:119.94,123.52 2 2
github.com/edgenesis/shifu/pkg/deviceshifu/deviceshifumqtt/deviceshifumqtt.go:129.2,131.21 2 2
github.com/edgenesis/shifu/pkg/deviceshifu/deviceshifumqtt/deviceshifumqtt.go:135.2,135.66 1 1
github.com/edgenesis/shifu/pkg/deviceshifu/deviceshifumqtt/deviceshifumqtt.go:123.52,124.42 1 2
github.com/edgenesis/shifu/pkg/deviceshifu/deviceshifumqtt/deviceshifumqtt.go:124.42,126.4 1 3
github.com/edgenesis/shifu/pkg/deviceshifu/deviceshifumqtt/deviceshifumqtt.go:131.21,133.3 1 1
github.com/edgenesis/shifu/pkg/deviceshifu/deviceshifumqtt/deviceshifumqtt.go:138.78,139.54 1 0
github.com/edgenesis/shifu/pkg/deviceshifu/deviceshifumqtt/deviceshifumqtt.go:139.54,143.32 2 0
github.com/edgenesis/shifu/pkg/deviceshifu/deviceshifumqtt/deviceshifumqtt.go:143.32,152.18 5 0
github.com/edgenesis/shifu/pkg/deviceshifu/deviceshifumqtt/deviceshifumqtt.go:152.18,156.5 3 0
github.com/edgenesis/shifu/pkg/deviceshifu/deviceshifumqtt/deviceshifumqtt.go:157.9,161.4 3 0
github.com/edgenesis/shifu/pkg/deviceshifu/deviceshifumqtt/deviceshifumqtt.go:174.109,178.53 4 1
github.com/edgenesis/shifu/pkg/deviceshifu/deviceshifumqtt/deviceshifumqtt.go:198.2,198.70 1 1
github.com/edgenesis/shifu/pkg/deviceshifu/deviceshifumqtt/deviceshifumqtt.go:178.53,179.44 1 3
github.com/edgenesis/shifu/pkg/deviceshifu/deviceshifumqtt/deviceshifumqtt.go:179.44,180.33 1 1
github.com/edgenesis/shifu/pkg/deviceshifu/deviceshifumqtt/deviceshifumqtt.go:180.33,182.5 1 1
github.com/edgenesis/shifu/pkg/deviceshifu/deviceshifumqtt/deviceshifumqtt.go:182.10,183.52 1 0
github.com/edgenesis/shifu/pkg/deviceshifu/deviceshifumqtt/deviceshifumqtt.go:183.52,185.6 1 0
github.com/edgenesis/shifu/pkg/deviceshifu/deviceshifumqtt/deviceshifumqtt.go:187.9,188.32 1 2
github.com/edgenesis/shifu/pkg/deviceshifu/deviceshifumqtt/deviceshifumqtt.go:192.4,193.51 2 2
github.com/edgenesis/shifu/pkg/deviceshifu/deviceshifumqtt/deviceshifumqtt.go:188.32,189.13 1 0
github.com/edgenesis/shifu/pkg/deviceshifu/deviceshifumqtt/deviceshifumqtt.go:193.51,195.5 1 2
github.com/edgenesis/shifu/pkg/deviceshifu/deviceshifumqtt/deviceshifumqtt.go:204.61,206.45 1 0
github.com/edgenesis/shifu/pkg/deviceshifu/deviceshifumqtt/deviceshifumqtt.go:229.2,229.19 1 0
github.com/edgenesis/shifu/pkg/deviceshifu/deviceshifumqtt/deviceshifumqtt.go:206.45,207.66 1 0
github.com/edgenesis/shifu/pkg/deviceshifu/deviceshifumqtt/deviceshifumqtt.go:208.30,210.46 2 0
github.com/edgenesis/shifu/pkg/deviceshifu/deviceshifumqtt/deviceshifumqtt.go:214.4,214.103 1 0
github.com/edgenesis/shifu/pkg/deviceshifu/deviceshifumqtt/deviceshifumqtt.go:219.4,220.140 2 0
github.com/edgenesis/shifu/pkg/deviceshifu/deviceshifumqtt/deviceshifumqtt.go:223.11,225.21 2 0
github.com/edgenesis/shifu/pkg/deviceshifu/deviceshifumqtt/deviceshifumqtt.go:210.46,212.5 1 0
github.com/edgenesis/shifu/pkg/deviceshifu/deviceshifumqtt/deviceshifumqtt.go:214.103,217.5 2 0
github.com/edgenesis/shifu/pkg/deviceshifu/deviceshifumqtt/deviceshifumqtt.go:220.140,222.5 1 0
github.com/edgenesis/shifu/pkg/deviceshifu/deviceshifumqtt/deviceshifumqtt.go:233.60,235.2 1 2
github.com/edgenesis/shifu/pkg/deviceshifu/deviceshifumqtt/deviceshifumqtt.go:238.37,240.2 1 2
github.com/edgenesis/shifu/pkg/deviceshifu/deviceshifuhttp/deviceshifuhttp.go:46.94,47.41 1 3
github.com/edgenesis/shifu/pkg/deviceshifu/deviceshifuhttp/deviceshifuhttp.go:51.2,52.16 2 2
github.com/edgenesis/shifu/pkg/deviceshifu/deviceshifuhttp/deviceshifuhttp.go:56.2,56.88 1 2
github.com/edgenesis/shifu/pkg/deviceshifu/deviceshifuhttp/deviceshifuhttp.go:106.2,108.58 2 2
github.com/edgenesis/shifu/pkg/deviceshifu/deviceshifuhttp/deviceshifuhttp.go:113.2,114.16 2 2
github.com/edgenesis/shifu/pkg/deviceshifu/deviceshifuhttp/deviceshifuhttp.go:47.41,49.3 1 1
github.com/edgenesis/shifu/pkg/deviceshifu/deviceshifuhttp/deviceshifuhttp.go:52.16,54.3 1 0
github.com/edgenesis/shifu/pkg/deviceshifu/deviceshifuhttp/deviceshifuhttp.go:56.88,59.33 2 0
github.com/edgenesis/shifu/pkg/deviceshifu/deviceshifuhttp/deviceshifuhttp.go:63.3,63.55 1 0
github.com/edgenesis/shifu/pkg/deviceshifu/deviceshifuhttp/deviceshifuhttp.go:72.3,72.63 1 0
github.com/edgenesis/shifu/pkg/deviceshifu/deviceshifuhttp/deviceshifuhttp.go:59.33,61.4 1 0
github.com/edgenesis/shifu/pkg/deviceshifu/deviceshifuhttp/deviceshifuhttp.go:63.55,66.4 2 0
github.com/edgenesis/shifu/pkg/deviceshifu/deviceshifuhttp/deviceshifuhttp.go:66.9,66.60 1 0
github.com/edgenesis/shifu/pkg/deviceshifu/deviceshifuhttp/deviceshifuhttp.go:66.60,69.4 2 0
github.com/edgenesis/shifu/pkg/deviceshifu/deviceshifuhttp/deviceshifuhttp.go:73.30,74.90 1 0
github.com/edgenesis/shifu/pkg/deviceshifu/deviceshifuhttp/deviceshifuhttp.go:83.41,85.29 2 0
github.com/edgenesis/shifu/pkg/deviceshifu/deviceshifuhttp/deviceshifuhttp.go:89.4,89.90 1 0
github.com/edgenesis/shifu/pkg/deviceshifu/deviceshifuhttp/deviceshifuhttp.go:100.11,102.83 2 0
github.com/edgenesis/shifu/pkg/deviceshifu/deviceshifuhttp/deviceshifuhttp.go:74.90,82.5 3 0
github.com/edgenesis/shifu/pkg/deviceshifu/deviceshifuhttp/deviceshifuhttp.go:85.29,87.5 1 0
github.com/edgenesis/shifu/pkg/deviceshifu/deviceshifuhttp/deviceshifuhttp.go:89.90,99.5 3 0
github.com/edgenesis/shifu/pkg/deviceshifu/deviceshifuhttp/deviceshifuhttp.go:108.58,111.3 2 0
github.com/edgenesis/shifu/pkg/deviceshifu/deviceshifuhttp/deviceshifuhttp.go:129.94,133.52 2 2
github.com/edgenesis/shifu/pkg/deviceshifu/deviceshifuhttp/deviceshifuhttp.go:139.2,141.21 2 2
github.com/edgenesis/shifu/pkg/deviceshifu/deviceshifuhttp/deviceshifuhttp.go:145.2,145.66 1 1
github.com/edgenesis/shifu/pkg/deviceshifu/deviceshifuhttp/deviceshifuhttp.go:133.52,134.42 1 2
github.com/edgenesis/shifu/pkg/deviceshifu/deviceshifuhttp/deviceshifuhttp.go:134.42,136.4 1 3
github.com/edgenesis/shifu/pkg/deviceshifu/deviceshifuhttp/deviceshifuhttp.go:141.21,143.3 1 1
github.com/edgenesis/shifu/pkg/deviceshifu/deviceshifuhttp/deviceshifuhttp.go:149.78,150.54 1 0
github.com/edgenesis/shifu/pkg/deviceshifu/deviceshifuhttp/deviceshifuhttp.go:150.54,156.31 5 0
github.com/edgenesis/shifu/pkg/deviceshifu/deviceshifuhttp/deviceshifuhttp.go:163.3,176.23 4 0
github.com/edgenesis/shifu/pkg/deviceshifu/deviceshifuhttp/deviceshifuhttp.go:185.3,185.18 1 0
github.com/edgenesis/shifu/pkg/deviceshifu/deviceshifuhttp/deviceshifuhttp.go:226.3,226.18 1 0
github.com/edgenesis/shifu/pkg/deviceshifu/deviceshifuhttp/deviceshifuhttp.go:237.3,239.17 3 0
github.com/edgenesis/shifu/pkg/deviceshifu/deviceshifuhttp/deviceshifuhttp.go:156.31,158.91 1 0
github.com/edgenesis/shifu/pkg/deviceshifu/deviceshifuhttp/deviceshifuhttp.go:158.91,160.5 1 0
github.com/edgenesis/shifu/pkg/deviceshifu/deviceshifuhttp/deviceshifuhttp.go:176.23,178.23 2 0
github.com/edgenesis/shifu/pkg/deviceshifu/deviceshifuhttp/deviceshifuhttp.go:178.23,182.5 3 0
github.com/edgenesis/shifu/pkg/deviceshifu/deviceshifuhttp/deviceshifuhttp.go:186.24,188.23 2 0
github.com/edgenesis/shifu/pkg/deviceshifu/deviceshifuhttp/deviceshifuhttp.go:194.4,194.15 1 0
github.com/edgenesis/shifu/pkg/deviceshifu/deviceshifuhttp/deviceshifuhttp.go:195.23,198.20 1 0
github.com/edgenesis/shifu/pkg/deviceshifu/deviceshifuhttp/deviceshifuhttp.go:204.4,207.21 4 0
github.com/edgenesis/shifu/pkg/deviceshifu/deviceshifuhttp/deviceshifuhttp.go:213.4,215.22 3 0
github.com/edgenesis/shifu/pkg/deviceshifu/deviceshifuhttp/deviceshifuhttp.go:220.11,223.10 3 0
github.com/edgenesis/shifu/pkg/deviceshifu/deviceshifuhttp/deviceshifuhttp.go:188.23,192.5 3 0
github.com/edgenesis/shifu/pkg/deviceshifu/deviceshifuhttp/deviceshifuhttp.go:198.20,200.5 1 0
github.com/edgenesis/shifu/pkg/deviceshifu/deviceshifuhttp/deviceshifuhttp.go:200.10,202.5 1 0
github.com/edgenesis/shifu/pkg/deviceshifu/deviceshifuhttp/deviceshifuhttp.go:207.21,211.5 3 0
github.com/edgenesis/shifu/pkg/deviceshifu/deviceshifuhttp/deviceshifuhttp.go:215.22,219.5 3 0
github.com/edgenesis/shifu/pkg/deviceshifu/deviceshifuhttp/deviceshifuhttp.go:226.18,230.18 4 0
github.com/edgenesis/shifu/pkg/deviceshifu/deviceshifuhttp/deviceshifuhttp.go:233.4,233.10 1 0
github.com/edgenesis/shifu/pkg/deviceshifu/deviceshifuhttp/deviceshifuhttp.go:230.18,232.5 1 0
github.com/edgenesis/shifu/pkg/deviceshifu/deviceshifuhttp/deviceshifuhttp.go:239.17,241.4 1 0
github.com/edgenesis/shifu/pkg/deviceshifu/deviceshifuhttp/deviceshifuhttp.go:253.109,257.53 4 1
github.com/edgenesis/shifu/pkg/deviceshifu/deviceshifuhttp/deviceshifuhttp.go:277.2,277.70 1 1
github.com/edgenesis/shifu/pkg/deviceshifu/deviceshifuhttp/deviceshifuhttp.go:257.53,258.44 1 3
github.com/edgenesis/shifu/pkg/deviceshifu/deviceshifuhttp/deviceshifuhttp.go:258.44,259.33 1 1
github.com/edgenesis/shifu/pkg/deviceshifu/deviceshifuhttp/deviceshifuhttp.go:259.33,261.5 1 1
github.com/edgenesis/shifu/pkg/deviceshifu/deviceshifuhttp/deviceshifuhttp.go:261.10,262.52 1 0
github.com/edgenesis/shifu/pkg/deviceshifu/deviceshifuhttp/deviceshifuhttp.go:262.52,264.6 1 0
github.com/edgenesis/shifu/pkg/deviceshifu/deviceshifuhttp/deviceshifuhttp.go:266.9,267.32 1 2
github.com/edgenesis/shifu/pkg/deviceshifu/deviceshifuhttp/deviceshifuhttp.go:271.4,272.51 2 2
github.com/edgenesis/shifu/pkg/deviceshifu/deviceshifuhttp/deviceshifuhttp.go:267.32,268.13 1 0
github.com/edgenesis/shifu/pkg/deviceshifu/deviceshifuhttp/deviceshifuhttp.go:272.51,274.5 1 2
github.com/edgenesis/shifu/pkg/deviceshifu/deviceshifuhttp/deviceshifuhttp.go:286.89,287.54 1 0
github.com/edgenesis/shifu/pkg/deviceshifu/deviceshifuhttp/deviceshifuhttp.go:287.54,294.31 6 0
github.com/edgenesis/shifu/pkg/deviceshifu/deviceshifuhttp/deviceshifuhttp.go:301.3,308.17 6 0
github.com/edgenesis/shifu/pkg/deviceshifu/deviceshifuhttp/deviceshifuhttp.go:313.3,313.18 1 0
github.com/edgenesis/shifu/pkg/deviceshifu/deviceshifuhttp/deviceshifuhttp.go:324.3,326.17 3 0
github.com/edgenesis/shifu/pkg/deviceshifu/deviceshifuhttp/deviceshifuhttp.go:294.31,296.91 1 0
github.com/edgenesis/shifu/pkg/deviceshifu/deviceshifuhttp/deviceshifuhttp.go:296.91,298.5 1 0
github.com/edgenesis/shifu/pkg/deviceshifu/deviceshifuhttp/deviceshifuhttp.go:308.17,311.4 2 0
github.com/edgenesis/shifu/pkg/deviceshifu/deviceshifuhttp/deviceshifuhttp.go:313.18,317.18 4 0
github.com/edgenesis/shifu/pkg/deviceshifu/deviceshifuhttp/deviceshifuhttp.go:320.4,320.10 1 0
github.com/edgenesis/shifu/pkg/deviceshifu/deviceshifuhttp/deviceshifuhttp.go:317.18,319.5 1 0
github.com/edgenesis/shifu/pkg/deviceshifu/deviceshifuhttp/deviceshifuhttp.go:326.17,328.4 1 0
github.com/edgenesis/shifu/pkg/deviceshifu/deviceshifuhttp/deviceshifuhttp.go:334.66,336.45 2 0
github.com/edgenesis/shifu/pkg/deviceshifu/deviceshifuhttp/deviceshifuhttp.go:395.2,395.39 1 0
github.com/edgenesis/shifu/pkg/deviceshifu/deviceshifuhttp/deviceshifuhttp.go:336.45,337.66 1 0
github.com/edgenesis/shifu/pkg/deviceshifu/deviceshifuhttp/deviceshifuhttp.go:338.30,340.60 2 0
github.com/edgenesis/shifu/pkg/deviceshifu/deviceshifuhttp/deviceshifuhttp.go:389.11,391.21 2 0
github.com/edgenesis/shifu/pkg/deviceshifu/deviceshifuhttp/deviceshifuhttp.go:340.60,341.47 1 0
github.com/edgenesis/shifu/pkg/deviceshifu/deviceshifuhttp/deviceshifuhttp.go:345.5,345.88 1 0
github.com/edgenesis/shifu/pkg/deviceshifu/deviceshifuhttp/deviceshifuhttp.go:349.5,355.21 2 0
github.com/edgenesis/shifu/pkg/deviceshifu/deviceshifuhttp/deviceshifuhttp.go:361.5,365.22 5 0
github.com/edgenesis/shifu/pkg/deviceshifu/deviceshifuhttp/deviceshifuhttp.go:370.5,371.19 2 0
github.com/edgenesis/shifu/pkg/deviceshifu/deviceshifuhttp/deviceshifuhttp.go:376.5,376.20 1 0
github.com/edgenesis/shifu/pkg/deviceshifu/deviceshifuhttp/deviceshifuhttp.go:387.5,387.22 1 0
github.com/edgenesis/shifu/pkg/deviceshifu/deviceshifuhttp/deviceshifuhttp.go:341.47,343.6 1 0
github.com/edgenesis/shifu/pkg/deviceshifu/deviceshifuhttp/deviceshifuhttp.go:345.88,347.6 1 0
github.com/edgenesis/shifu/pkg/deviceshifu/deviceshifuhttp/deviceshifuhttp.go:355.21,357.6 1 0
github.com/edgenesis/shifu/pkg/deviceshifu/deviceshifuhttp/deviceshifuhttp.go:357.11,359.6 1 0
github.com/edgenesis/shifu/pkg/deviceshifu/deviceshifuhttp/deviceshifuhttp.go:365.22,368.6 2 0
github.com/edgenesis/shifu/pkg/deviceshifu/deviceshifuhttp/deviceshifuhttp.go:371.19,374.6 2 0
github.com/edgenesis/shifu/pkg/deviceshifu/deviceshifuhttp/deviceshifuhttp.go:376.20,377.90 1 0
github.com/edgenesis/shifu/pkg/deviceshifu/deviceshifuhttp/deviceshifuhttp.go:377.90,378.111 1 0
github.com/edgenesis/shifu/pkg/deviceshifu/deviceshifuhttp/deviceshifuhttp.go:382.7,383.15 2 0
github.com/edgenesis/shifu/pkg/deviceshifu/deviceshifuhttp/deviceshifuhttp.go:378.111,380.8 1 0
github.com/edgenesis/shifu/pkg/deviceshifu/deviceshifuhttp/deviceshifuhttp.go:399.64,401.2 1 2
github.com/edgenesis/shifu/pkg/deviceshifu/deviceshifuhttp/deviceshifuhttp.go:404.41,406.2 1 2
github.com/edgenesis/shifu/pkg/k8s/controllers/edgedevice_controller.go:47.102,51.59 3 0
github.com/edgenesis/shifu/pkg/k8s/controllers/edgedevice_controller.go:60.2,62.27 2 0
github.com/edgenesis/shifu/pkg/k8s/controllers/edgedevice_controller.go:51.59,57.3 2 0
github.com/edgenesis/shifu/pkg/k8s/controllers/edgedevice_controller.go:66.73,70.2 1 0
github.com/edgenesis/shifu/pkg/k8s/controllers/telemetryservice_controller.go:47.108,51.59 3 0
github.com/edgenesis/shifu/pkg/k8s/controllers/telemetryservice_controller.go:60.2,62.27 2 0
github.com/edgenesis/shifu/pkg/k8s/controllers/telemetryservice_controller.go:51.59,57.3 2 0
github.com/edgenesis/shifu/pkg/k8s/controllers/telemetryservice_controller.go:66.79,70.2 1 0
