mode: set
github.com/edgenesis/shifu/pkg/deviceshifu/utils/utils.go:14.67,19.19 4 1
github.com/edgenesis/shifu/pkg/deviceshifu/utils/utils.go:27.2,31.30 3 1
github.com/edgenesis/shifu/pkg/deviceshifu/utils/utils.go:40.2,40.20 1 1
github.com/edgenesis/shifu/pkg/deviceshifu/utils/utils.go:19.19,21.3 1 0
github.com/edgenesis/shifu/pkg/deviceshifu/utils/utils.go:21.8,21.26 1 1
github.com/edgenesis/shifu/pkg/deviceshifu/utils/utils.go:21.26,23.3 1 0
github.com/edgenesis/shifu/pkg/deviceshifu/utils/utils.go:23.8,25.3 1 1
github.com/edgenesis/shifu/pkg/deviceshifu/utils/utils.go:31.30,33.21 2 1
github.com/edgenesis/shifu/pkg/deviceshifu/utils/utils.go:33.21,35.4 1 1
github.com/edgenesis/shifu/pkg/deviceshifu/utils/utils.go:35.9,35.28 1 0
github.com/edgenesis/shifu/pkg/deviceshifu/utils/utils.go:35.28,37.4 1 0
github.com/edgenesis/shifu/pkg/deviceshifu/deviceshifumqtt/deviceshifumqtt.go:38.90,40.16 2 1
github.com/edgenesis/shifu/pkg/deviceshifu/deviceshifumqtt/deviceshifumqtt.go:44.2,44.88 1 1
github.com/edgenesis/shifu/pkg/deviceshifu/deviceshifumqtt/deviceshifumqtt.go:82.2,87.16 4 1
github.com/edgenesis/shifu/pkg/deviceshifu/deviceshifumqtt/deviceshifumqtt.go:40.16,42.3 1 0
github.com/edgenesis/shifu/pkg/deviceshifu/deviceshifumqtt/deviceshifumqtt.go:44.88,45.63 1 0
github.com/edgenesis/shifu/pkg/deviceshifu/deviceshifumqtt/deviceshifumqtt.go:46.30,49.68 3 0
github.com/edgenesis/shifu/pkg/deviceshifu/deviceshifumqtt/deviceshifumqtt.go:53.4,53.84 1 0
github.com/edgenesis/shifu/pkg/deviceshifu/deviceshifumqtt/deviceshifumqtt.go:61.4,68.71 8 0
github.com/edgenesis/shifu/pkg/deviceshifu/deviceshifumqtt/deviceshifumqtt.go:72.4,79.69 4 0
github.com/edgenesis/shifu/pkg/deviceshifu/deviceshifumqtt/deviceshifumqtt.go:49.68,51.5 1 0
github.com/edgenesis/shifu/pkg/deviceshifu/deviceshifumqtt/deviceshifumqtt.go:53.84,57.5 2 0
github.com/edgenesis/shifu/pkg/deviceshifu/deviceshifumqtt/deviceshifumqtt.go:57.10,59.5 1 0
github.com/edgenesis/shifu/pkg/deviceshifu/deviceshifumqtt/deviceshifumqtt.go:68.71,69.25 1 0
github.com/edgenesis/shifu/pkg/deviceshifu/deviceshifumqtt/deviceshifumqtt.go:90.88,95.2 4 0
github.com/edgenesis/shifu/pkg/deviceshifu/deviceshifumqtt/deviceshifumqtt.go:97.69,99.2 1 0
github.com/edgenesis/shifu/pkg/deviceshifu/deviceshifumqtt/deviceshifumqtt.go:101.89,103.2 1 0
github.com/edgenesis/shifu/pkg/deviceshifu/deviceshifumqtt/deviceshifumqtt.go:105.44,110.2 3 0
github.com/edgenesis/shifu/pkg/deviceshifu/deviceshifumqtt/deviceshifumqtt.go:118.78,119.54 1 0
github.com/edgenesis/shifu/pkg/deviceshifu/deviceshifumqtt/deviceshifumqtt.go:119.54,123.32 2 0
github.com/edgenesis/shifu/pkg/deviceshifu/deviceshifumqtt/deviceshifumqtt.go:123.32,132.18 5 0
github.com/edgenesis/shifu/pkg/deviceshifu/deviceshifumqtt/deviceshifumqtt.go:132.18,136.5 3 0
github.com/edgenesis/shifu/pkg/deviceshifu/deviceshifumqtt/deviceshifumqtt.go:137.9,141.4 3 0
github.com/edgenesis/shifu/pkg/deviceshifu/deviceshifumqtt/deviceshifumqtt.go:149.61,151.45 1 0
github.com/edgenesis/shifu/pkg/deviceshifu/deviceshifumqtt/deviceshifumqtt.go:174.2,174.19 1 0
github.com/edgenesis/shifu/pkg/deviceshifu/deviceshifumqtt/deviceshifumqtt.go:151.45,152.66 1 0
github.com/edgenesis/shifu/pkg/deviceshifu/deviceshifumqtt/deviceshifumqtt.go:153.30,155.46 2 0
github.com/edgenesis/shifu/pkg/deviceshifu/deviceshifumqtt/deviceshifumqtt.go:159.4,159.103 1 0
github.com/edgenesis/shifu/pkg/deviceshifu/deviceshifumqtt/deviceshifumqtt.go:164.4,165.140 2 0
github.com/edgenesis/shifu/pkg/deviceshifu/deviceshifumqtt/deviceshifumqtt.go:168.11,170.21 2 0
github.com/edgenesis/shifu/pkg/deviceshifu/deviceshifumqtt/deviceshifumqtt.go:155.46,157.5 1 0
github.com/edgenesis/shifu/pkg/deviceshifu/deviceshifumqtt/deviceshifumqtt.go:159.103,162.5 2 0
github.com/edgenesis/shifu/pkg/deviceshifu/deviceshifumqtt/deviceshifumqtt.go:165.140,167.5 1 0
github.com/edgenesis/shifu/pkg/deviceshifu/deviceshifumqtt/deviceshifumqtt.go:178.60,180.2 1 1
github.com/edgenesis/shifu/pkg/deviceshifu/deviceshifumqtt/deviceshifumqtt.go:183.37,185.2 1 1
github.com/edgenesis/shifu/pkg/deviceshifu/mockdevice/mockdevice/mockdevice.go:36.59,39.12 2 1
github.com/edgenesis/shifu/pkg/deviceshifu/mockdevice/mockdevice/mockdevice.go:45.2,45.12 1 1
github.com/edgenesis/shifu/pkg/deviceshifu/mockdevice/mockdevice/mockdevice.go:39.12,41.17 2 1
github.com/edgenesis/shifu/pkg/deviceshifu/mockdevice/mockdevice/mockdevice.go:41.17,43.4 1 0
github.com/edgenesis/shifu/pkg/deviceshifu/mockdevice/mockdevice/mockdevice.go:48.69,51.2 2 1
github.com/edgenesis/shifu/pkg/deviceshifu/mockdevice/mockdevice/mockdevice.go:53.66,55.2 1 0
github.com/edgenesis/shifu/pkg/deviceshifu/mockdevice/mockdevice/mockdevice.go:58.137,61.42 3 1
github.com/edgenesis/shifu/pkg/deviceshifu/mockdevice/mockdevice/mockdevice.go:65.2,74.16 2 1
github.com/edgenesis/shifu/pkg/deviceshifu/mockdevice/mockdevice/mockdevice.go:61.42,63.3 1 1
github.com/edgenesis/shifu/pkg/deviceshifu/mockdevice/mockdevice/mockdevice.go:78.90,82.16 4 1
github.com/edgenesis/shifu/pkg/deviceshifu/mockdevice/mockdevice/mockdevice.go:86.2,87.16 2 1
github.com/edgenesis/shifu/pkg/deviceshifu/mockdevice/mockdevice/mockdevice.go:91.2,91.9 1 1
github.com/edgenesis/shifu/pkg/deviceshifu/mockdevice/mockdevice/mockdevice.go:82.16,84.3 1 0
github.com/edgenesis/shifu/pkg/deviceshifu/mockdevice/mockdevice/mockdevice.go:87.16,89.3 1 0
github.com/edgenesis/shifu/pkg/deviceshifu/deviceshifuhttp/deviceshifuhttp.go:46.94,47.41 1 1
github.com/edgenesis/shifu/pkg/deviceshifu/deviceshifuhttp/deviceshifuhttp.go:51.2,52.16 2 1
github.com/edgenesis/shifu/pkg/deviceshifu/deviceshifuhttp/deviceshifuhttp.go:56.2,57.32 2 1
github.com/edgenesis/shifu/pkg/deviceshifu/deviceshifuhttp/deviceshifuhttp.go:61.2,61.54 1 1
github.com/edgenesis/shifu/pkg/deviceshifu/deviceshifuhttp/deviceshifuhttp.go:66.2,66.55 1 1
github.com/edgenesis/shifu/pkg/deviceshifu/deviceshifuhttp/deviceshifuhttp.go:71.2,71.88 1 1
github.com/edgenesis/shifu/pkg/deviceshifu/deviceshifuhttp/deviceshifuhttp.go:106.2,111.16 4 1
github.com/edgenesis/shifu/pkg/deviceshifu/deviceshifuhttp/deviceshifuhttp.go:47.41,49.3 1 1
github.com/edgenesis/shifu/pkg/deviceshifu/deviceshifuhttp/deviceshifuhttp.go:52.16,54.3 1 0
github.com/edgenesis/shifu/pkg/deviceshifu/deviceshifuhttp/deviceshifuhttp.go:57.32,59.3 1 0
github.com/edgenesis/shifu/pkg/deviceshifu/deviceshifuhttp/deviceshifuhttp.go:61.54,64.3 2 0
github.com/edgenesis/shifu/pkg/deviceshifu/deviceshifuhttp/deviceshifuhttp.go:66.55,69.3 2 0
github.com/edgenesis/shifu/pkg/deviceshifu/deviceshifuhttp/deviceshifuhttp.go:71.88,73.63 1 0
github.com/edgenesis/shifu/pkg/deviceshifu/deviceshifuhttp/deviceshifuhttp.go:74.30,75.90 1 0
github.com/edgenesis/shifu/pkg/deviceshifu/deviceshifuhttp/deviceshifuhttp.go:84.41,86.29 2 0
github.com/edgenesis/shifu/pkg/deviceshifu/deviceshifuhttp/deviceshifuhttp.go:90.4,90.90 1 0
github.com/edgenesis/shifu/pkg/deviceshifu/deviceshifuhttp/deviceshifuhttp.go:101.11,103.83 2 0
github.com/edgenesis/shifu/pkg/deviceshifu/deviceshifuhttp/deviceshifuhttp.go:75.90,83.5 3 0
github.com/edgenesis/shifu/pkg/deviceshifu/deviceshifuhttp/deviceshifuhttp.go:86.29,88.5 1 0
github.com/edgenesis/shifu/pkg/deviceshifu/deviceshifuhttp/deviceshifuhttp.go:90.90,100.5 3 0
github.com/edgenesis/shifu/pkg/deviceshifu/deviceshifuhttp/deviceshifuhttp.go:126.94,130.52 2 1
github.com/edgenesis/shifu/pkg/deviceshifu/deviceshifuhttp/deviceshifuhttp.go:136.2,138.21 2 1
github.com/edgenesis/shifu/pkg/deviceshifu/deviceshifuhttp/deviceshifuhttp.go:142.2,142.66 1 1
github.com/edgenesis/shifu/pkg/deviceshifu/deviceshifuhttp/deviceshifuhttp.go:130.52,131.42 1 1
github.com/edgenesis/shifu/pkg/deviceshifu/deviceshifuhttp/deviceshifuhttp.go:131.42,133.4 1 1
github.com/edgenesis/shifu/pkg/deviceshifu/deviceshifuhttp/deviceshifuhttp.go:138.21,140.3 1 1
github.com/edgenesis/shifu/pkg/deviceshifu/deviceshifuhttp/deviceshifuhttp.go:146.78,147.54 1 1
github.com/edgenesis/shifu/pkg/deviceshifu/deviceshifuhttp/deviceshifuhttp.go:147.54,153.31 5 1
github.com/edgenesis/shifu/pkg/deviceshifu/deviceshifuhttp/deviceshifuhttp.go:160.3,173.23 4 1
github.com/edgenesis/shifu/pkg/deviceshifu/deviceshifuhttp/deviceshifuhttp.go:182.3,182.18 1 1
github.com/edgenesis/shifu/pkg/deviceshifu/deviceshifuhttp/deviceshifuhttp.go:223.3,223.18 1 1
github.com/edgenesis/shifu/pkg/deviceshifu/deviceshifuhttp/deviceshifuhttp.go:234.3,236.17 3 0
github.com/edgenesis/shifu/pkg/deviceshifu/deviceshifuhttp/deviceshifuhttp.go:153.31,155.91 1 1
github.com/edgenesis/shifu/pkg/deviceshifu/deviceshifuhttp/deviceshifuhttp.go:155.91,157.5 1 1
github.com/edgenesis/shifu/pkg/deviceshifu/deviceshifuhttp/deviceshifuhttp.go:173.23,175.23 2 1
github.com/edgenesis/shifu/pkg/deviceshifu/deviceshifuhttp/deviceshifuhttp.go:175.23,179.5 3 1
github.com/edgenesis/shifu/pkg/deviceshifu/deviceshifuhttp/deviceshifuhttp.go:183.24,185.23 2 1
github.com/edgenesis/shifu/pkg/deviceshifu/deviceshifuhttp/deviceshifuhttp.go:191.4,191.15 1 1
github.com/edgenesis/shifu/pkg/deviceshifu/deviceshifuhttp/deviceshifuhttp.go:192.23,195.20 1 1
github.com/edgenesis/shifu/pkg/deviceshifu/deviceshifuhttp/deviceshifuhttp.go:201.4,204.21 4 1
github.com/edgenesis/shifu/pkg/deviceshifu/deviceshifuhttp/deviceshifuhttp.go:210.4,212.22 3 1
github.com/edgenesis/shifu/pkg/deviceshifu/deviceshifuhttp/deviceshifuhttp.go:217.11,220.10 3 1
github.com/edgenesis/shifu/pkg/deviceshifu/deviceshifuhttp/deviceshifuhttp.go:185.23,189.5 3 0
github.com/edgenesis/shifu/pkg/deviceshifu/deviceshifuhttp/deviceshifuhttp.go:195.20,197.5 1 0
github.com/edgenesis/shifu/pkg/deviceshifu/deviceshifuhttp/deviceshifuhttp.go:197.10,199.5 1 1
github.com/edgenesis/shifu/pkg/deviceshifu/deviceshifuhttp/deviceshifuhttp.go:204.21,208.5 3 0
github.com/edgenesis/shifu/pkg/deviceshifu/deviceshifuhttp/deviceshifuhttp.go:212.22,216.5 3 0
github.com/edgenesis/shifu/pkg/deviceshifu/deviceshifuhttp/deviceshifuhttp.go:223.18,227.18 4 1
github.com/edgenesis/shifu/pkg/deviceshifu/deviceshifuhttp/deviceshifuhttp.go:230.4,230.10 1 1
github.com/edgenesis/shifu/pkg/deviceshifu/deviceshifuhttp/deviceshifuhttp.go:227.18,229.5 1 0
github.com/edgenesis/shifu/pkg/deviceshifu/deviceshifuhttp/deviceshifuhttp.go:236.17,238.4 1 0
github.com/edgenesis/shifu/pkg/deviceshifu/deviceshifuhttp/deviceshifuhttp.go:250.109,254.53 4 1
github.com/edgenesis/shifu/pkg/deviceshifu/deviceshifuhttp/deviceshifuhttp.go:275.2,275.62 1 1
github.com/edgenesis/shifu/pkg/deviceshifu/deviceshifuhttp/deviceshifuhttp.go:281.2,281.68 1 1
github.com/edgenesis/shifu/pkg/deviceshifu/deviceshifuhttp/deviceshifuhttp.go:254.53,255.44 1 1
github.com/edgenesis/shifu/pkg/deviceshifu/deviceshifuhttp/deviceshifuhttp.go:255.44,256.33 1 1
github.com/edgenesis/shifu/pkg/deviceshifu/deviceshifuhttp/deviceshifuhttp.go:256.33,258.5 1 1
github.com/edgenesis/shifu/pkg/deviceshifu/deviceshifuhttp/deviceshifuhttp.go:258.10,259.52 1 0
github.com/edgenesis/shifu/pkg/deviceshifu/deviceshifuhttp/deviceshifuhttp.go:259.52,261.6 1 0
github.com/edgenesis/shifu/pkg/deviceshifu/deviceshifuhttp/deviceshifuhttp.go:263.9,264.32 1 1
github.com/edgenesis/shifu/pkg/deviceshifu/deviceshifuhttp/deviceshifuhttp.go:268.4,269.51 2 1
github.com/edgenesis/shifu/pkg/deviceshifu/deviceshifuhttp/deviceshifuhttp.go:264.32,265.13 1 0
github.com/edgenesis/shifu/pkg/deviceshifu/deviceshifuhttp/deviceshifuhttp.go:269.51,271.5 1 1
github.com/edgenesis/shifu/pkg/deviceshifu/deviceshifuhttp/deviceshifuhttp.go:275.62,277.3 1 1
github.com/edgenesis/shifu/pkg/deviceshifu/deviceshifuhttp/deviceshifuhttp.go:277.8,277.70 1 1
github.com/edgenesis/shifu/pkg/deviceshifu/deviceshifuhttp/deviceshifuhttp.go:277.70,279.3 1 0
github.com/edgenesis/shifu/pkg/deviceshifu/deviceshifuhttp/deviceshifuhttp.go:290.89,291.54 1 1
github.com/edgenesis/shifu/pkg/deviceshifu/deviceshifuhttp/deviceshifuhttp.go:291.54,298.31 6 1
github.com/edgenesis/shifu/pkg/deviceshifu/deviceshifuhttp/deviceshifuhttp.go:305.3,317.23 4 1
github.com/edgenesis/shifu/pkg/deviceshifu/deviceshifuhttp/deviceshifuhttp.go:326.3,327.26 2 1
github.com/edgenesis/shifu/pkg/deviceshifu/deviceshifuhttp/deviceshifuhttp.go:336.3,342.19 4 1
github.com/edgenesis/shifu/pkg/deviceshifu/deviceshifuhttp/deviceshifuhttp.go:351.3,353.20 3 1
github.com/edgenesis/shifu/pkg/deviceshifu/deviceshifuhttp/deviceshifuhttp.go:359.3,361.21 3 1
github.com/edgenesis/shifu/pkg/deviceshifu/deviceshifuhttp/deviceshifuhttp.go:367.3,367.18 1 1
github.com/edgenesis/shifu/pkg/deviceshifu/deviceshifuhttp/deviceshifuhttp.go:378.3,380.17 3 0
github.com/edgenesis/shifu/pkg/deviceshifu/deviceshifuhttp/deviceshifuhttp.go:298.31,300.91 1 1
github.com/edgenesis/shifu/pkg/deviceshifu/deviceshifuhttp/deviceshifuhttp.go:300.91,302.5 1 1
github.com/edgenesis/shifu/pkg/deviceshifu/deviceshifuhttp/deviceshifuhttp.go:317.23,319.23 2 1
github.com/edgenesis/shifu/pkg/deviceshifu/deviceshifuhttp/deviceshifuhttp.go:319.23,323.5 3 1
github.com/edgenesis/shifu/pkg/deviceshifu/deviceshifuhttp/deviceshifuhttp.go:327.26,329.23 2 1
github.com/edgenesis/shifu/pkg/deviceshifu/deviceshifuhttp/deviceshifuhttp.go:329.23,333.5 3 1
github.com/edgenesis/shifu/pkg/deviceshifu/deviceshifuhttp/deviceshifuhttp.go:342.19,344.4 1 0
github.com/edgenesis/shifu/pkg/deviceshifu/deviceshifuhttp/deviceshifuhttp.go:344.9,349.4 1 1
github.com/edgenesis/shifu/pkg/deviceshifu/deviceshifuhttp/deviceshifuhttp.go:353.20,357.4 3 0
github.com/edgenesis/shifu/pkg/deviceshifu/deviceshifuhttp/deviceshifuhttp.go:361.21,365.4 3 0
github.com/edgenesis/shifu/pkg/deviceshifu/deviceshifuhttp/deviceshifuhttp.go:367.18,371.18 4 1
github.com/edgenesis/shifu/pkg/deviceshifu/deviceshifuhttp/deviceshifuhttp.go:374.4,374.10 1 1
github.com/edgenesis/shifu/pkg/deviceshifu/deviceshifuhttp/deviceshifuhttp.go:371.18,373.5 1 0
github.com/edgenesis/shifu/pkg/deviceshifu/deviceshifuhttp/deviceshifuhttp.go:380.17,382.4 1 0
github.com/edgenesis/shifu/pkg/deviceshifu/deviceshifuhttp/deviceshifuhttp.go:388.66,390.45 2 1
github.com/edgenesis/shifu/pkg/deviceshifu/deviceshifuhttp/deviceshifuhttp.go:450.2,450.39 1 1
github.com/edgenesis/shifu/pkg/deviceshifu/deviceshifuhttp/deviceshifuhttp.go:390.45,391.66 1 1
github.com/edgenesis/shifu/pkg/deviceshifu/deviceshifuhttp/deviceshifuhttp.go:392.64,394.60 2 1
github.com/edgenesis/shifu/pkg/deviceshifu/deviceshifuhttp/deviceshifuhttp.go:444.11,446.21 2 0
github.com/edgenesis/shifu/pkg/deviceshifu/deviceshifuhttp/deviceshifuhttp.go:394.60,395.47 1 1
github.com/edgenesis/shifu/pkg/deviceshifu/deviceshifuhttp/deviceshifuhttp.go:399.5,399.88 1 1
github.com/edgenesis/shifu/pkg/deviceshifu/deviceshifuhttp/deviceshifuhttp.go:403.5,409.21 2 1
github.com/edgenesis/shifu/pkg/deviceshifu/deviceshifuhttp/deviceshifuhttp.go:415.5,419.22 5 1
github.com/edgenesis/shifu/pkg/deviceshifu/deviceshifuhttp/deviceshifuhttp.go:424.5,425.19 2 1
github.com/edgenesis/shifu/pkg/deviceshifu/deviceshifuhttp/deviceshifuhttp.go:430.5,430.20 1 1
github.com/edgenesis/shifu/pkg/deviceshifu/deviceshifuhttp/deviceshifuhttp.go:442.5,442.22 1 0
github.com/edgenesis/shifu/pkg/deviceshifu/deviceshifuhttp/deviceshifuhttp.go:395.47,397.6 1 0
github.com/edgenesis/shifu/pkg/deviceshifu/deviceshifuhttp/deviceshifuhttp.go:399.88,401.6 1 0
github.com/edgenesis/shifu/pkg/deviceshifu/deviceshifuhttp/deviceshifuhttp.go:409.21,411.6 1 0
github.com/edgenesis/shifu/pkg/deviceshifu/deviceshifuhttp/deviceshifuhttp.go:411.11,413.6 1 1
github.com/edgenesis/shifu/pkg/deviceshifu/deviceshifuhttp/deviceshifuhttp.go:419.22,422.6 2 0
github.com/edgenesis/shifu/pkg/deviceshifu/deviceshifuhttp/deviceshifuhttp.go:425.19,428.6 2 0
github.com/edgenesis/shifu/pkg/deviceshifu/deviceshifuhttp/deviceshifuhttp.go:430.20,431.90 1 1
github.com/edgenesis/shifu/pkg/deviceshifu/deviceshifuhttp/deviceshifuhttp.go:431.90,433.52 2 1
github.com/edgenesis/shifu/pkg/deviceshifu/deviceshifuhttp/deviceshifuhttp.go:437.7,438.15 2 1
github.com/edgenesis/shifu/pkg/deviceshifu/deviceshifuhttp/deviceshifuhttp.go:433.52,435.8 1 0
github.com/edgenesis/shifu/pkg/deviceshifu/deviceshifuhttp/deviceshifuhttp.go:454.64,456.2 1 1
github.com/edgenesis/shifu/pkg/deviceshifu/deviceshifuhttp/deviceshifuhttp.go:459.41,461.2 1 1
github.com/edgenesis/shifu/pkg/deviceshifu/deviceshifuopcua/deviceshifuopcua.go:38.90,39.41 1 1
github.com/edgenesis/shifu/pkg/deviceshifu/deviceshifuopcua/deviceshifuopcua.go:43.2,44.16 2 1
github.com/edgenesis/shifu/pkg/deviceshifu/deviceshifuopcua/deviceshifuopcua.go:48.2,49.16 2 1
github.com/edgenesis/shifu/pkg/deviceshifu/deviceshifuopcua/deviceshifuopcua.go:52.2,54.88 2 1
github.com/edgenesis/shifu/pkg/deviceshifu/deviceshifuopcua/deviceshifuopcua.go:132.2,141.16 4 1
github.com/edgenesis/shifu/pkg/deviceshifu/deviceshifuopcua/deviceshifuopcua.go:39.41,41.3 1 1
github.com/edgenesis/shifu/pkg/deviceshifu/deviceshifuopcua/deviceshifuopcua.go:44.16,46.3 1 0
github.com/edgenesis/shifu/pkg/deviceshifu/deviceshifuopcua/deviceshifuopcua.go:49.16,51.3 1 0
github.com/edgenesis/shifu/pkg/deviceshifu/deviceshifuopcua/deviceshifuopcua.go:54.88,56.63 1 0
github.com/edgenesis/shifu/pkg/deviceshifu/deviceshifuopcua/deviceshifuopcua.go:57.31,58.72 1 0
github.com/edgenesis/shifu/pkg/deviceshifu/deviceshifuopcua/deviceshifuopcua.go:58.72,67.19 4 0
github.com/edgenesis/shifu/pkg/deviceshifu/deviceshifuopcua/deviceshifuopcua.go:72.5,73.18 2 0
github.com/edgenesis/shifu/pkg/deviceshifu/deviceshifuopcua/deviceshifuopcua.go:77.5,85.68 4 0
github.com/edgenesis/shifu/pkg/deviceshifu/deviceshifuopcua/deviceshifuopcua.go:112.5,114.52 3 0
github.com/edgenesis/shifu/pkg/deviceshifu/deviceshifuopcua/deviceshifuopcua.go:118.5,119.98 2 0
github.com/edgenesis/shifu/pkg/deviceshifu/deviceshifuopcua/deviceshifuopcua.go:127.5,127.65 1 0
github.com/edgenesis/shifu/pkg/deviceshifu/deviceshifuopcua/deviceshifuopcua.go:67.19,70.6 2 0
github.com/edgenesis/shifu/pkg/deviceshifu/deviceshifuopcua/deviceshifuopcua.go:73.18,75.6 1 0
github.com/edgenesis/shifu/pkg/deviceshifu/deviceshifuopcua/deviceshifuopcua.go:86.38,87.84 1 0
github.com/edgenesis/shifu/pkg/deviceshifu/deviceshifuopcua/deviceshifuopcua.go:88.38,92.20 4 0
github.com/edgenesis/shifu/pkg/deviceshifu/deviceshifuopcua/deviceshifuopcua.go:95.6,99.7 1 0
github.com/edgenesis/shifu/pkg/deviceshifu/deviceshifuopcua/deviceshifuopcua.go:100.35,101.89 1 0
github.com/edgenesis/shifu/pkg/deviceshifu/deviceshifuopcua/deviceshifuopcua.go:102.36,103.17 1 0
github.com/edgenesis/shifu/pkg/deviceshifu/deviceshifuopcua/deviceshifuopcua.go:104.13,105.52 1 0
github.com/edgenesis/shifu/pkg/deviceshifu/deviceshifuopcua/deviceshifuopcua.go:109.6,109.54 1 0
github.com/edgenesis/shifu/pkg/deviceshifu/deviceshifuopcua/deviceshifuopcua.go:92.20,94.7 1 0
github.com/edgenesis/shifu/pkg/deviceshifu/deviceshifuopcua/deviceshifuopcua.go:105.52,107.7 1 0
github.com/edgenesis/shifu/pkg/deviceshifu/deviceshifuopcua/deviceshifuopcua.go:114.52,116.6 1 0
github.com/edgenesis/shifu/pkg/deviceshifu/deviceshifuopcua/deviceshifuopcua.go:119.98,122.6 2 0
github.com/edgenesis/shifu/pkg/deviceshifu/deviceshifuopcua/deviceshifuopcua.go:122.11,125.6 2 0
github.com/edgenesis/shifu/pkg/deviceshifu/deviceshifuopcua/deviceshifuopcua.go:151.79,152.54 1 0
github.com/edgenesis/shifu/pkg/deviceshifu/deviceshifuopcua/deviceshifuopcua.go:152.54,157.17 4 0
github.com/edgenesis/shifu/pkg/deviceshifu/deviceshifuopcua/deviceshifuopcua.go:161.3,174.17 6 0
github.com/edgenesis/shifu/pkg/deviceshifu/deviceshifuopcua/deviceshifuopcua.go:180.3,180.44 1 0
github.com/edgenesis/shifu/pkg/deviceshifu/deviceshifuopcua/deviceshifuopcua.go:186.3,191.54 3 0
github.com/edgenesis/shifu/pkg/deviceshifu/deviceshifuopcua/deviceshifuopcua.go:157.17,159.4 1 0
github.com/edgenesis/shifu/pkg/deviceshifu/deviceshifuopcua/deviceshifuopcua.go:174.17,178.4 3 0
github.com/edgenesis/shifu/pkg/deviceshifu/deviceshifuopcua/deviceshifuopcua.go:180.44,184.4 3 0
github.com/edgenesis/shifu/pkg/deviceshifu/deviceshifuopcua/deviceshifuopcua.go:195.98,196.97 1 0
github.com/edgenesis/shifu/pkg/deviceshifu/deviceshifuopcua/deviceshifuopcua.go:200.2,200.104 1 0
github.com/edgenesis/shifu/pkg/deviceshifu/deviceshifuopcua/deviceshifuopcua.go:196.97,198.3 1 0
github.com/edgenesis/shifu/pkg/deviceshifu/deviceshifuopcua/deviceshifuopcua.go:203.64,205.16 2 0
github.com/edgenesis/shifu/pkg/deviceshifu/deviceshifuopcua/deviceshifuopcua.go:209.2,222.16 6 0
github.com/edgenesis/shifu/pkg/deviceshifu/deviceshifuopcua/deviceshifuopcua.go:227.2,227.43 1 0
github.com/edgenesis/shifu/pkg/deviceshifu/deviceshifuopcua/deviceshifuopcua.go:232.2,234.12 2 0
github.com/edgenesis/shifu/pkg/deviceshifu/deviceshifuopcua/deviceshifuopcua.go:205.16,207.3 1 0
github.com/edgenesis/shifu/pkg/deviceshifu/deviceshifuopcua/deviceshifuopcua.go:222.16,225.3 2 0
github.com/edgenesis/shifu/pkg/deviceshifu/deviceshifuopcua/deviceshifuopcua.go:227.43,230.3 2 0
github.com/edgenesis/shifu/pkg/deviceshifu/deviceshifuopcua/deviceshifuopcua.go:237.62,238.45 1 0
github.com/edgenesis/shifu/pkg/deviceshifu/deviceshifuopcua/deviceshifuopcua.go:270.2,270.18 1 0
github.com/edgenesis/shifu/pkg/deviceshifu/deviceshifuopcua/deviceshifuopcua.go:238.45,239.66 1 0
github.com/edgenesis/shifu/pkg/deviceshifu/deviceshifuopcua/deviceshifuopcua.go:240.31,242.60 2 0
github.com/edgenesis/shifu/pkg/deviceshifu/deviceshifuopcua/deviceshifuopcua.go:264.11,266.21 2 0
github.com/edgenesis/shifu/pkg/deviceshifu/deviceshifuopcua/deviceshifuopcua.go:242.60,243.47 1 0
github.com/edgenesis/shifu/pkg/deviceshifu/deviceshifuopcua/deviceshifuopcua.go:247.5,247.88 1 0
github.com/edgenesis/shifu/pkg/deviceshifu/deviceshifuopcua/deviceshifuopcua.go:251.5,253.19 3 0
github.com/edgenesis/shifu/pkg/deviceshifu/deviceshifuopcua/deviceshifuopcua.go:258.5,258.56 1 0
github.com/edgenesis/shifu/pkg/deviceshifu/deviceshifuopcua/deviceshifuopcua.go:243.47,245.6 1 0
github.com/edgenesis/shifu/pkg/deviceshifu/deviceshifuopcua/deviceshifuopcua.go:247.88,249.6 1 0
github.com/edgenesis/shifu/pkg/deviceshifu/deviceshifuopcua/deviceshifuopcua.go:253.19,256.6 2 0
github.com/edgenesis/shifu/pkg/deviceshifu/deviceshifuopcua/deviceshifuopcua.go:258.56,261.6 2 0
github.com/edgenesis/shifu/pkg/deviceshifu/deviceshifuopcua/deviceshifuopcua.go:275.60,277.2 1 1
github.com/edgenesis/shifu/pkg/deviceshifu/deviceshifuopcua/deviceshifuopcua.go:280.37,282.2 1 1
github.com/edgenesis/shifu/pkg/deviceshifu/deviceshifuopcua/deviceshifuopcuaconfig.go:27.106,30.62 2 1
github.com/edgenesis/shifu/pkg/deviceshifu/deviceshifuopcua/deviceshifuopcuaconfig.go:38.2,38.41 1 1
github.com/edgenesis/shifu/pkg/deviceshifu/deviceshifuopcua/deviceshifuopcuaconfig.go:30.62,37.3 2 1
github.com/edgenesis/shifu/pkg/deviceshifu/deviceshifusocket/deviceshifusocket.go:32.90,34.16 2 1
github.com/edgenesis/shifu/pkg/deviceshifu/deviceshifusocket/deviceshifusocket.go:37.2,39.88 2 1
github.com/edgenesis/shifu/pkg/deviceshifu/deviceshifusocket/deviceshifusocket.go:66.2,70.16 4 1
github.com/edgenesis/shifu/pkg/deviceshifu/deviceshifusocket/deviceshifusocket.go:34.16,36.3 1 0
github.com/edgenesis/shifu/pkg/deviceshifu/deviceshifusocket/deviceshifusocket.go:39.88,40.63 1 0
github.com/edgenesis/shifu/pkg/deviceshifu/deviceshifusocket/deviceshifusocket.go:41.32,44.57 2 0
github.com/edgenesis/shifu/pkg/deviceshifu/deviceshifusocket/deviceshifusocket.go:48.4,49.18 2 0
github.com/edgenesis/shifu/pkg/deviceshifu/deviceshifusocket/deviceshifusocket.go:53.4,54.90 2 0
github.com/edgenesis/shifu/pkg/deviceshifu/deviceshifusocket/deviceshifusocket.go:44.57,46.5 1 0
github.com/edgenesis/shifu/pkg/deviceshifu/deviceshifusocket/deviceshifusocket.go:49.18,51.5 1 0
github.com/edgenesis/shifu/pkg/deviceshifu/deviceshifusocket/deviceshifusocket.go:54.90,63.5 2 0
github.com/edgenesis/shifu/pkg/deviceshifu/deviceshifusocket/deviceshifusocket.go:73.84,74.54 1 0
github.com/edgenesis/shifu/pkg/deviceshifu/deviceshifusocket/deviceshifusocket.go:74.54,77.46 3 0
github.com/edgenesis/shifu/pkg/deviceshifu/deviceshifusocket/deviceshifusocket.go:83.3,85.17 3 0
github.com/edgenesis/shifu/pkg/deviceshifu/deviceshifusocket/deviceshifusocket.go:91.3,94.18 4 0
github.com/edgenesis/shifu/pkg/deviceshifu/deviceshifusocket/deviceshifusocket.go:103.3,104.17 2 0
github.com/edgenesis/shifu/pkg/deviceshifu/deviceshifusocket/deviceshifusocket.go:110.3,112.17 3 0
github.com/edgenesis/shifu/pkg/deviceshifu/deviceshifusocket/deviceshifusocket.go:118.3,120.13 3 0
github.com/edgenesis/shifu/pkg/deviceshifu/deviceshifusocket/deviceshifusocket.go:126.3,127.17 2 0
github.com/edgenesis/shifu/pkg/deviceshifu/deviceshifusocket/deviceshifusocket.go:133.3,141.17 5 0
github.com/edgenesis/shifu/pkg/deviceshifu/deviceshifusocket/deviceshifusocket.go:77.46,81.4 3 0
github.com/edgenesis/shifu/pkg/deviceshifu/deviceshifusocket/deviceshifusocket.go:85.17,89.4 3 0
github.com/edgenesis/shifu/pkg/deviceshifu/deviceshifusocket/deviceshifusocket.go:94.18,96.18 2 0
github.com/edgenesis/shifu/pkg/deviceshifu/deviceshifusocket/deviceshifusocket.go:96.18,100.5 3 0
github.com/edgenesis/shifu/pkg/deviceshifu/deviceshifusocket/deviceshifusocket.go:104.17,108.4 3 0
github.com/edgenesis/shifu/pkg/deviceshifu/deviceshifusocket/deviceshifusocket.go:112.17,116.4 3 0
github.com/edgenesis/shifu/pkg/deviceshifu/deviceshifusocket/deviceshifusocket.go:120.13,124.4 3 0
github.com/edgenesis/shifu/pkg/deviceshifu/deviceshifusocket/deviceshifusocket.go:127.17,131.4 3 0
github.com/edgenesis/shifu/pkg/deviceshifu/deviceshifusocket/deviceshifusocket.go:141.17,144.4 2 0
github.com/edgenesis/shifu/pkg/deviceshifu/deviceshifusocket/deviceshifusocket.go:151.63,152.44 1 0
github.com/edgenesis/shifu/pkg/deviceshifu/deviceshifusocket/deviceshifusocket.go:156.2,156.45 1 0
github.com/edgenesis/shifu/pkg/deviceshifu/deviceshifusocket/deviceshifusocket.go:172.2,172.18 1 0
github.com/edgenesis/shifu/pkg/deviceshifu/deviceshifusocket/deviceshifusocket.go:152.44,154.3 1 0
github.com/edgenesis/shifu/pkg/deviceshifu/deviceshifusocket/deviceshifusocket.go:156.45,157.66 1 0
github.com/edgenesis/shifu/pkg/deviceshifu/deviceshifusocket/deviceshifusocket.go:158.32,160.18 2 0
github.com/edgenesis/shifu/pkg/deviceshifu/deviceshifusocket/deviceshifusocket.go:165.4,166.20 2 0
github.com/edgenesis/shifu/pkg/deviceshifu/deviceshifusocket/deviceshifusocket.go:167.11,169.21 2 0
github.com/edgenesis/shifu/pkg/deviceshifu/deviceshifusocket/deviceshifusocket.go:160.18,163.5 2 0
github.com/edgenesis/shifu/pkg/deviceshifu/deviceshifusocket/deviceshifusocket.go:176.60,178.2 1 1
github.com/edgenesis/shifu/pkg/deviceshifu/deviceshifusocket/deviceshifusocket.go:181.37,183.2 1 1
github.com/edgenesis/shifu/pkg/deviceshifu/deviceshifusocket/deviceshifusocket.go:185.76,189.16 3 1
github.com/edgenesis/shifu/pkg/deviceshifu/deviceshifusocket/deviceshifusocket.go:197.2,197.20 1 1
github.com/edgenesis/shifu/pkg/deviceshifu/deviceshifusocket/deviceshifusocket.go:190.20,191.40 1 1
github.com/edgenesis/shifu/pkg/deviceshifu/deviceshifusocket/deviceshifusocket.go:192.21,193.14 1 1
github.com/edgenesis/shifu/pkg/deviceshifu/deviceshifusocket/deviceshifusocket.go:194.10,195.25 1 1
github.com/edgenesis/shifu/pkg/deviceshifu/deviceshifusocket/deviceshifusocket.go:200.76,204.16 3 1
github.com/edgenesis/shifu/pkg/deviceshifu/deviceshifusocket/deviceshifusocket.go:212.2,212.20 1 1
github.com/edgenesis/shifu/pkg/deviceshifu/deviceshifusocket/deviceshifusocket.go:205.20,206.37 1 1
github.com/edgenesis/shifu/pkg/deviceshifu/deviceshifusocket/deviceshifusocket.go:207.21,208.14 1 1
github.com/edgenesis/shifu/pkg/deviceshifu/deviceshifusocket/deviceshifusocket.go:209.10,210.25 1 1
github.com/edgenesis/shifu/pkg/deviceshifu/deviceshifubase/deviceshifubase.go:76.94,77.36 1 1
github.com/edgenesis/shifu/pkg/deviceshifu/deviceshifubase/deviceshifubase.go:81.2,81.46 1 1
github.com/edgenesis/shifu/pkg/deviceshifu/deviceshifubase/deviceshifubase.go:85.2,86.16 2 1
github.com/edgenesis/shifu/pkg/deviceshifu/deviceshifubase/deviceshifubase.go:90.2,94.72 4 0
github.com/edgenesis/shifu/pkg/deviceshifu/deviceshifubase/deviceshifubase.go:108.2,121.23 2 0
github.com/edgenesis/shifu/pkg/deviceshifu/deviceshifubase/deviceshifubase.go:77.36,79.3 1 1
github.com/edgenesis/shifu/pkg/deviceshifu/deviceshifubase/deviceshifubase.go:81.46,83.3 1 1
github.com/edgenesis/shifu/pkg/deviceshifu/deviceshifubase/deviceshifubase.go:86.16,88.3 1 1
github.com/edgenesis/shifu/pkg/deviceshifu/deviceshifubase/deviceshifubase.go:94.72,102.17 3 0
github.com/edgenesis/shifu/pkg/deviceshifu/deviceshifubase/deviceshifubase.go:102.17,105.4 2 0
github.com/edgenesis/shifu/pkg/deviceshifu/deviceshifubase/deviceshifubase.go:124.45,127.2 2 0
github.com/edgenesis/shifu/pkg/deviceshifu/deviceshifubase/deviceshifubase.go:129.66,131.2 1 0
github.com/edgenesis/shifu/pkg/deviceshifu/deviceshifubase/deviceshifubase.go:133.73,136.2 2 0
github.com/edgenesis/shifu/pkg/deviceshifu/deviceshifubase/deviceshifubase.go:139.92,149.16 4 1
github.com/edgenesis/shifu/pkg/deviceshifu/deviceshifubase/deviceshifubase.go:154.2,154.50 1 1
github.com/edgenesis/shifu/pkg/deviceshifu/deviceshifubase/deviceshifubase.go:161.2,170.16 3 1
github.com/edgenesis/shifu/pkg/deviceshifu/deviceshifubase/deviceshifubase.go:149.16,152.3 2 0
github.com/edgenesis/shifu/pkg/deviceshifu/deviceshifubase/deviceshifubase.go:154.50,157.3 2 1
github.com/edgenesis/shifu/pkg/deviceshifu/deviceshifubase/deviceshifubase.go:157.8,159.3 1 0
github.com/edgenesis/shifu/pkg/deviceshifu/deviceshifubase/deviceshifubase.go:170.16,172.3 1 0
github.com/edgenesis/shifu/pkg/deviceshifu/deviceshifubase/deviceshifubase.go:176.60,177.74 1 1
github.com/edgenesis/shifu/pkg/deviceshifu/deviceshifubase/deviceshifubase.go:181.2,182.99 2 1
github.com/edgenesis/shifu/pkg/deviceshifu/deviceshifubase/deviceshifubase.go:189.2,189.94 1 1
github.com/edgenesis/shifu/pkg/deviceshifu/deviceshifubase/deviceshifubase.go:196.2,196.103 1 1
github.com/edgenesis/shifu/pkg/deviceshifu/deviceshifubase/deviceshifubase.go:203.2,203.12 1 1
github.com/edgenesis/shifu/pkg/deviceshifu/deviceshifubase/deviceshifubase.go:177.74,179.3 1 1
github.com/edgenesis/shifu/pkg/deviceshifu/deviceshifubase/deviceshifubase.go:182.99,185.3 2 1
github.com/edgenesis/shifu/pkg/deviceshifu/deviceshifubase/deviceshifubase.go:185.8,185.25 1 1
github.com/edgenesis/shifu/pkg/deviceshifu/deviceshifubase/deviceshifubase.go:185.25,187.3 1 1
github.com/edgenesis/shifu/pkg/deviceshifu/deviceshifubase/deviceshifubase.go:189.94,192.3 2 1
github.com/edgenesis/shifu/pkg/deviceshifu/deviceshifubase/deviceshifubase.go:192.8,192.25 1 1
github.com/edgenesis/shifu/pkg/deviceshifu/deviceshifubase/deviceshifubase.go:192.25,194.3 1 1
github.com/edgenesis/shifu/pkg/deviceshifu/deviceshifubase/deviceshifubase.go:196.103,199.3 2 1
github.com/edgenesis/shifu/pkg/deviceshifu/deviceshifubase/deviceshifubase.go:199.8,199.26 1 1
github.com/edgenesis/shifu/pkg/deviceshifu/deviceshifubase/deviceshifubase.go:199.26,201.3 1 1
github.com/edgenesis/shifu/pkg/deviceshifu/deviceshifubase/deviceshifubase.go:206.75,210.16 4 1
github.com/edgenesis/shifu/pkg/deviceshifu/deviceshifubase/deviceshifubase.go:215.2,215.28 1 1
github.com/edgenesis/shifu/pkg/deviceshifu/deviceshifubase/deviceshifubase.go:219.2,219.17 1 1
github.com/edgenesis/shifu/pkg/deviceshifu/deviceshifubase/deviceshifubase.go:225.2,225.12 1 1
github.com/edgenesis/shifu/pkg/deviceshifu/deviceshifubase/deviceshifubase.go:210.16,213.3 2 1
github.com/edgenesis/shifu/pkg/deviceshifu/deviceshifubase/deviceshifubase.go:215.28,217.3 1 1
github.com/edgenesis/shifu/pkg/deviceshifu/deviceshifubase/deviceshifubase.go:219.17,221.3 1 1
github.com/edgenesis/shifu/pkg/deviceshifu/deviceshifubase/deviceshifubase.go:221.8,223.3 1 1
github.com/edgenesis/shifu/pkg/deviceshifu/deviceshifubase/deviceshifubase.go:229.80,235.16 6 0
github.com/edgenesis/shifu/pkg/deviceshifu/deviceshifubase/deviceshifubase.go:239.2,247.60 1 0
github.com/edgenesis/shifu/pkg/deviceshifu/deviceshifubase/deviceshifubase.go:255.2,255.6 1 0
github.com/edgenesis/shifu/pkg/deviceshifu/deviceshifubase/deviceshifubase.go:235.16,237.3 1 0
github.com/edgenesis/shifu/pkg/deviceshifu/deviceshifubase/deviceshifubase.go:247.60,253.3 1 0
github.com/edgenesis/shifu/pkg/deviceshifu/deviceshifubase/deviceshifubase.go:255.6,257.17 2 0
github.com/edgenesis/shifu/pkg/deviceshifu/deviceshifubase/deviceshifubase.go:261.3,261.86 1 0
github.com/edgenesis/shifu/pkg/deviceshifu/deviceshifubase/deviceshifubase.go:257.17,260.4 2 0
github.com/edgenesis/shifu/pkg/deviceshifu/deviceshifubase/deviceshifubase.go:265.74,268.2 2 0
github.com/edgenesis/shifu/pkg/deviceshifu/deviceshifubase/deviceshifubase.go:271.85,274.12 2 0
github.com/edgenesis/shifu/pkg/deviceshifu/deviceshifubase/deviceshifubase.go:280.2,280.12 1 0
github.com/edgenesis/shifu/pkg/deviceshifu/deviceshifubase/deviceshifubase.go:286.2,286.12 1 0
github.com/edgenesis/shifu/pkg/deviceshifu/deviceshifubase/deviceshifubase.go:274.12,276.17 2 0
github.com/edgenesis/shifu/pkg/deviceshifu/deviceshifubase/deviceshifubase.go:276.17,278.4 1 0
github.com/edgenesis/shifu/pkg/deviceshifu/deviceshifubase/deviceshifubase.go:280.12,282.17 2 0
github.com/edgenesis/shifu/pkg/deviceshifu/deviceshifubase/deviceshifubase.go:282.17,284.4 1 0
github.com/edgenesis/shifu/pkg/deviceshifu/deviceshifubase/deviceshifubase.go:290.41,291.59 1 0
github.com/edgenesis/shifu/pkg/deviceshifu/deviceshifubase/deviceshifubase.go:295.2,296.12 2 0
github.com/edgenesis/shifu/pkg/deviceshifu/deviceshifubase/deviceshifubase.go:291.59,293.3 1 0
github.com/edgenesis/shifu/pkg/deviceshifu/deviceshifubase/deviceshifubase_config.go:99.68,100.16 1 1
github.com/edgenesis/shifu/pkg/deviceshifu/deviceshifubase/deviceshifubase_config.go:104.2,105.16 2 1
github.com/edgenesis/shifu/pkg/deviceshifu/deviceshifubase/deviceshifubase_config.go:109.2,110.67 2 1
github.com/edgenesis/shifu/pkg/deviceshifu/deviceshifubase/deviceshifubase_config.go:119.2,119.59 1 1
github.com/edgenesis/shifu/pkg/deviceshifu/deviceshifubase/deviceshifubase_config.go:127.2,127.57 1 1
github.com/edgenesis/shifu/pkg/deviceshifu/deviceshifubase/deviceshifubase_config.go:134.2,134.17 1 1
github.com/edgenesis/shifu/pkg/deviceshifu/deviceshifubase/deviceshifubase_config.go:100.16,102.3 1 0
github.com/edgenesis/shifu/pkg/deviceshifu/deviceshifubase/deviceshifubase_config.go:105.16,107.3 1 1
github.com/edgenesis/shifu/pkg/deviceshifu/deviceshifubase/deviceshifubase_config.go:110.67,112.17 2 1
github.com/edgenesis/shifu/pkg/deviceshifu/deviceshifubase/deviceshifubase_config.go:112.17,115.4 2 0
github.com/edgenesis/shifu/pkg/deviceshifu/deviceshifubase/deviceshifubase_config.go:119.59,121.17 2 1
github.com/edgenesis/shifu/pkg/deviceshifu/deviceshifubase/deviceshifubase_config.go:121.17,124.4 2 0
github.com/edgenesis/shifu/pkg/deviceshifu/deviceshifubase/deviceshifubase_config.go:127.57,129.17 2 1
github.com/edgenesis/shifu/pkg/deviceshifu/deviceshifubase/deviceshifubase_config.go:129.17,132.4 2 0
github.com/edgenesis/shifu/pkg/deviceshifu/deviceshifubase/deviceshifubase_config.go:138.104,140.16 2 1
github.com/edgenesis/shifu/pkg/deviceshifu/deviceshifubase/deviceshifubase_config.go:145.2,146.16 2 1
github.com/edgenesis/shifu/pkg/deviceshifu/deviceshifubase/deviceshifubase_config.go:150.2,157.16 3 1
github.com/edgenesis/shifu/pkg/deviceshifu/deviceshifubase/deviceshifubase_config.go:161.2,161.24 1 1
github.com/edgenesis/shifu/pkg/deviceshifu/deviceshifubase/deviceshifubase_config.go:140.16,143.3 2 0
github.com/edgenesis/shifu/pkg/deviceshifu/deviceshifubase/deviceshifubase_config.go:146.16,149.3 2 0
github.com/edgenesis/shifu/pkg/deviceshifu/deviceshifubase/deviceshifubase_config.go:157.16,160.3 2 0
github.com/edgenesis/shifu/pkg/deviceshifu/deviceshifubase/deviceshifubase_config.go:164.65,165.26 1 1
github.com/edgenesis/shifu/pkg/deviceshifu/deviceshifubase/deviceshifubase_config.go:165.26,167.3 1 1
github.com/edgenesis/shifu/pkg/deviceshifu/deviceshifubase/deviceshifubase_config.go:167.8,169.3 1 1
github.com/edgenesis/shifu/pkg/deviceshifu/deviceshifubase/deviceshifubase_config.go:173.77,175.16 2 1
github.com/edgenesis/shifu/pkg/deviceshifu/deviceshifubase/deviceshifubase_config.go:179.2,185.16 7 1
github.com/edgenesis/shifu/pkg/deviceshifu/deviceshifubase/deviceshifubase_config.go:189.2,189.31 1 1
github.com/edgenesis/shifu/pkg/deviceshifu/deviceshifubase/deviceshifubase_config.go:175.16,178.3 2 0
github.com/edgenesis/shifu/pkg/deviceshifu/deviceshifubase/deviceshifubase_config.go:185.16,187.3 1 0
github.com/edgenesis/shifu/pkg/deviceshifu/deviceshifubase/push_telemetry.go:15.39,16.43 1 1
github.com/edgenesis/shifu/pkg/deviceshifu/deviceshifubase/push_telemetry.go:16.43,17.41 1 0
github.com/edgenesis/shifu/pkg/deviceshifu/deviceshifubase/push_telemetry.go:17.41,19.4 1 0
github.com/edgenesis/shifu/pkg/deviceshifu/deviceshifubase/push_telemetry.go:26.61,30.16 4 1
github.com/edgenesis/shifu/pkg/deviceshifu/deviceshifubase/push_telemetry.go:35.2,38.16 4 1
github.com/edgenesis/shifu/pkg/deviceshifu/deviceshifubase/push_telemetry.go:30.16,33.3 2 0
github.com/edgenesis/shifu/pkg/deviceshifu/deviceshifubase/push_telemetry.go:38.16,41.3 2 1
github.com/edgenesis/shifu/pkg/deviceshifu/deviceshifubase/push_telemetry.go:44.87,51.53 7 1
github.com/edgenesis/shifu/pkg/deviceshifu/deviceshifubase/push_telemetry.go:55.2,55.93 1 1
github.com/edgenesis/shifu/pkg/deviceshifu/deviceshifubase/push_telemetry.go:59.2,59.25 1 1
github.com/edgenesis/shifu/pkg/deviceshifu/deviceshifubase/push_telemetry.go:81.2,81.77 1 1
github.com/edgenesis/shifu/pkg/deviceshifu/deviceshifubase/push_telemetry.go:118.2,118.17 1 1
github.com/edgenesis/shifu/pkg/deviceshifu/deviceshifubase/push_telemetry.go:51.53,53.3 1 1
github.com/edgenesis/shifu/pkg/deviceshifu/deviceshifubase/push_telemetry.go:55.93,57.3 1 1
github.com/edgenesis/shifu/pkg/deviceshifu/deviceshifubase/push_telemetry.go:59.25,61.101 1 1
github.com/edgenesis/shifu/pkg/deviceshifu/deviceshifubase/push_telemetry.go:66.3,73.40 3 1
github.com/edgenesis/shifu/pkg/deviceshifu/deviceshifubase/push_telemetry.go:77.3,78.90 2 1
github.com/edgenesis/shifu/pkg/deviceshifu/deviceshifubase/push_telemetry.go:61.101,64.4 1 1
github.com/edgenesis/shifu/pkg/deviceshifu/deviceshifubase/push_telemetry.go:73.40,75.4 1 0
github.com/edgenesis/shifu/pkg/deviceshifu/deviceshifubase/push_telemetry.go:81.77,84.26 2 1
github.com/edgenesis/shifu/pkg/deviceshifu/deviceshifubase/push_telemetry.go:115.3,115.54 1 1
github.com/edgenesis/shifu/pkg/deviceshifu/deviceshifubase/push_telemetry.go:84.26,85.60 1 1
github.com/edgenesis/shifu/pkg/deviceshifu/deviceshifubase/push_telemetry.go:91.4,92.67 1 1
github.com/edgenesis/shifu/pkg/deviceshifu/deviceshifubase/push_telemetry.go:85.60,86.56 1 1
github.com/edgenesis/shifu/pkg/deviceshifu/deviceshifubase/push_telemetry.go:86.56,87.14 1 1
github.com/edgenesis/shifu/pkg/deviceshifu/deviceshifubase/push_telemetry.go:92.67,93.122 1 1
github.com/edgenesis/shifu/pkg/deviceshifu/deviceshifubase/push_telemetry.go:98.5,104.42 2 1
github.com/edgenesis/shifu/pkg/deviceshifu/deviceshifubase/push_telemetry.go:109.5,111.13 3 1
github.com/edgenesis/shifu/pkg/deviceshifu/deviceshifubase/push_telemetry.go:93.122,95.14 2 1
github.com/edgenesis/shifu/pkg/deviceshifu/deviceshifubase/push_telemetry.go:104.42,106.14 2 0
github.com/edgenesis/shifu/pkg/k8s/controllers/telemetryservice_controller.go:47.108,51.59 3 0
github.com/edgenesis/shifu/pkg/k8s/controllers/telemetryservice_controller.go:60.2,62.27 2 0
github.com/edgenesis/shifu/pkg/k8s/controllers/telemetryservice_controller.go:51.59,57.3 2 0
github.com/edgenesis/shifu/pkg/k8s/controllers/telemetryservice_controller.go:66.79,70.2 1 0
github.com/edgenesis/shifu/pkg/k8s/controllers/edgedevice_controller.go:47.102,51.59 3 0
github.com/edgenesis/shifu/pkg/k8s/controllers/edgedevice_controller.go:60.2,62.27 2 0
github.com/edgenesis/shifu/pkg/k8s/controllers/edgedevice_controller.go:51.59,57.3 2 0
github.com/edgenesis/shifu/pkg/k8s/controllers/edgedevice_controller.go:66.73,70.2 1 0
github.com/edgenesis/shifu/pkg/deviceshifu/deviceshifuplc4x/deviceshifuplc4x.go:25.90,27.16 2 1
github.com/edgenesis/shifu/pkg/deviceshifu/deviceshifuplc4x/deviceshifuplc4x.go:31.2,34.88 3 1
github.com/edgenesis/shifu/pkg/deviceshifu/deviceshifuplc4x/deviceshifuplc4x.go:92.2,95.16 3 1
github.com/edgenesis/shifu/pkg/deviceshifu/deviceshifuplc4x/deviceshifuplc4x.go:27.16,29.3 1 0
github.com/edgenesis/shifu/pkg/deviceshifu/deviceshifuplc4x/deviceshifuplc4x.go:34.88,35.63 1 0
github.com/edgenesis/shifu/pkg/deviceshifu/deviceshifuplc4x/deviceshifuplc4x.go:39.3,43.20 3 0
github.com/edgenesis/shifu/pkg/deviceshifu/deviceshifuplc4x/deviceshifuplc4x.go:64.3,72.39 4 0
github.com/edgenesis/shifu/pkg/deviceshifu/deviceshifuplc4x/deviceshifuplc4x.go:78.3,80.32 2 0
github.com/edgenesis/shifu/pkg/deviceshifu/deviceshifuplc4x/deviceshifuplc4x.go:85.3,89.58 4 0
github.com/edgenesis/shifu/pkg/deviceshifu/deviceshifuplc4x/deviceshifuplc4x.go:35.63,37.4 1 0
github.com/edgenesis/shifu/pkg/deviceshifu/deviceshifuplc4x/deviceshifuplc4x.go:44.33,45.43 1 0
github.com/edgenesis/shifu/pkg/deviceshifu/deviceshifuplc4x/deviceshifuplc4x.go:46.34,47.44 1 0
github.com/edgenesis/shifu/pkg/deviceshifu/deviceshifuplc4x/deviceshifuplc4x.go:48.37,49.47 1 0
github.com/edgenesis/shifu/pkg/deviceshifu/deviceshifuplc4x/deviceshifuplc4x.go:50.35,51.45 1 0
github.com/edgenesis/shifu/pkg/deviceshifu/deviceshifuplc4x/deviceshifuplc4x.go:52.34,53.44 1 0
github.com/edgenesis/shifu/pkg/deviceshifu/deviceshifuplc4x/deviceshifuplc4x.go:54.34,55.44 1 0
github.com/edgenesis/shifu/pkg/deviceshifu/deviceshifuplc4x/deviceshifuplc4x.go:56.42,57.52 1 0
github.com/edgenesis/shifu/pkg/deviceshifu/deviceshifuplc4x/deviceshifuplc4x.go:58.40,59.50 1 0
github.com/edgenesis/shifu/pkg/deviceshifu/deviceshifuplc4x/deviceshifuplc4x.go:60.40,61.50 1 0
github.com/edgenesis/shifu/pkg/deviceshifu/deviceshifuplc4x/deviceshifuplc4x.go:72.39,75.4 2 0
github.com/edgenesis/shifu/pkg/deviceshifu/deviceshifuplc4x/deviceshifuplc4x.go:80.32,83.4 2 0
github.com/edgenesis/shifu/pkg/deviceshifu/deviceshifuplc4x/deviceshifuplc4x.go:98.68,99.54 1 0
github.com/edgenesis/shifu/pkg/deviceshifu/deviceshifuplc4x/deviceshifuplc4x.go:99.54,103.17 3 0
github.com/edgenesis/shifu/pkg/deviceshifu/deviceshifuplc4x/deviceshifuplc4x.go:108.3,110.34 2 0
github.com/edgenesis/shifu/pkg/deviceshifu/deviceshifuplc4x/deviceshifuplc4x.go:115.3,116.17 2 0
github.com/edgenesis/shifu/pkg/deviceshifu/deviceshifuplc4x/deviceshifuplc4x.go:122.3,123.10 2 0
github.com/edgenesis/shifu/pkg/deviceshifu/deviceshifuplc4x/deviceshifuplc4x.go:131.3,131.45 1 0
github.com/edgenesis/shifu/pkg/deviceshifu/deviceshifuplc4x/deviceshifuplc4x.go:103.17,107.4 3 0
github.com/edgenesis/shifu/pkg/deviceshifu/deviceshifuplc4x/deviceshifuplc4x.go:110.34,113.4 2 0
github.com/edgenesis/shifu/pkg/deviceshifu/deviceshifuplc4x/deviceshifuplc4x.go:116.17,120.4 3 0
github.com/edgenesis/shifu/pkg/deviceshifu/deviceshifuplc4x/deviceshifuplc4x.go:124.46,124.46 0 0
github.com/edgenesis/shifu/pkg/deviceshifu/deviceshifuplc4x/deviceshifuplc4x.go:125.44,128.10 3 0
github.com/edgenesis/shifu/pkg/deviceshifu/deviceshifuplc4x/deviceshifuplc4x.go:131.45,135.4 3 0
github.com/edgenesis/shifu/pkg/deviceshifu/deviceshifuplc4x/deviceshifuplc4x.go:139.67,140.54 1 0
github.com/edgenesis/shifu/pkg/deviceshifu/deviceshifuplc4x/deviceshifuplc4x.go:140.54,145.17 4 0
github.com/edgenesis/shifu/pkg/deviceshifu/deviceshifuplc4x/deviceshifuplc4x.go:150.3,154.27 3 0
github.com/edgenesis/shifu/pkg/deviceshifu/deviceshifuplc4x/deviceshifuplc4x.go:159.3,160.17 2 0
github.com/edgenesis/shifu/pkg/deviceshifu/deviceshifuplc4x/deviceshifuplc4x.go:166.3,167.10 2 0
github.com/edgenesis/shifu/pkg/deviceshifu/deviceshifuplc4x/deviceshifuplc4x.go:175.3,175.45 1 0
github.com/edgenesis/shifu/pkg/deviceshifu/deviceshifuplc4x/deviceshifuplc4x.go:181.3,182.66 2 0
github.com/edgenesis/shifu/pkg/deviceshifu/deviceshifuplc4x/deviceshifuplc4x.go:187.3,188.17 2 0
github.com/edgenesis/shifu/pkg/deviceshifu/deviceshifuplc4x/deviceshifuplc4x.go:194.3,195.17 2 0
github.com/edgenesis/shifu/pkg/deviceshifu/deviceshifuplc4x/deviceshifuplc4x.go:145.17,149.4 3 0
github.com/edgenesis/shifu/pkg/deviceshifu/deviceshifuplc4x/deviceshifuplc4x.go:154.27,157.4 2 0
github.com/edgenesis/shifu/pkg/deviceshifu/deviceshifuplc4x/deviceshifuplc4x.go:160.17,164.4 3 0
github.com/edgenesis/shifu/pkg/deviceshifu/deviceshifuplc4x/deviceshifuplc4x.go:168.46,168.46 0 0
github.com/edgenesis/shifu/pkg/deviceshifu/deviceshifuplc4x/deviceshifuplc4x.go:169.44,172.10 3 0
github.com/edgenesis/shifu/pkg/deviceshifu/deviceshifuplc4x/deviceshifuplc4x.go:175.45,179.4 3 0
github.com/edgenesis/shifu/pkg/deviceshifu/deviceshifuplc4x/deviceshifuplc4x.go:182.66,185.4 2 0
github.com/edgenesis/shifu/pkg/deviceshifu/deviceshifuplc4x/deviceshifuplc4x.go:188.17,192.4 3 0
github.com/edgenesis/shifu/pkg/deviceshifu/deviceshifuplc4x/deviceshifuplc4x.go:195.17,198.4 2 0
github.com/edgenesis/shifu/pkg/deviceshifu/deviceshifuplc4x/deviceshifuplc4x.go:202.62,208.9 4 0
github.com/edgenesis/shifu/pkg/deviceshifu/deviceshifuplc4x/deviceshifuplc4x.go:217.2,217.18 1 0
github.com/edgenesis/shifu/pkg/deviceshifu/deviceshifuplc4x/deviceshifuplc4x.go:209.48,210.53 1 0
github.com/edgenesis/shifu/pkg/deviceshifu/deviceshifuplc4x/deviceshifuplc4x.go:211.30,212.41 1 0
github.com/edgenesis/shifu/pkg/deviceshifu/deviceshifuplc4x/deviceshifuplc4x.go:212.41,214.4 1 0
github.com/edgenesis/shifu/pkg/deviceshifu/deviceshifuplc4x/deviceshifuplc4x.go:221.60,223.2 1 1
github.com/edgenesis/shifu/pkg/deviceshifu/deviceshifuplc4x/deviceshifuplc4x.go:226.37,228.2 1 1
